2001.08.21 17:30 B C:\Eigene Dateien\bar-graph\bar.gif <-- flyer /home/development/flyer/htdocs/img/bar-graph bar.gif
2001.08.21 17:30 B C:\Eigene Dateien\bar-graph\bg_bar.gif <-- flyer /home/development/flyer/htdocs/img/bar-graph bg_bar.gif
2001.08.21 17:30 B C:\Eigene Dateien\bar-graph\bg_number.gif <-- flyer /home/development/flyer/htdocs/img/bar-graph bg_number.gif
2001.08.21 17:30 B C:\Eigene Dateien\bar-graph\bottom.gif <-- flyer /home/development/flyer/htdocs/img/bar-graph bottom.gif
2001.08.21 17:30 B C:\Eigene Dateien\bar-graph\clubsundbars.gif <-- flyer /home/development/flyer/htdocs/img/bar-graph clubsundbars.gif
2001.08.21 17:30 B C:\Eigene Dateien\bar-graph\decker.gif <-- flyer /home/development/flyer/htdocs/img/bar-graph decker.gif
2001.08.21 17:30 B C:\Eigene Dateien\bar-graph\essenundtrinken_de.gif <-- flyer /home/development/flyer/htdocs/img/bar-graph essenundtrinken_de.gif
2001.08.21 17:30 B C:\Eigene Dateien\bar-graph\galerien_de.gif <-- flyer /home/development/flyer/htdocs/img/bar-graph galerien_de.gif
2001.08.21 17:30 B C:\Eigene Dateien\bar-graph\gfx.gif <-- flyer /home/development/flyer/htdocs/img/bar-graph gfx.gif
2001.08.21 17:30 B C:\Eigene Dateien\bar-graph\kinos_de.gif <-- flyer /home/development/flyer/htdocs/img/bar-graph kinos_de.gif
2001.08.21 17:30 B C:\Eigene Dateien\bar-graph\left.gif <-- flyer /home/development/flyer/htdocs/img/bar-graph left.gif
2001.08.21 17:30 B C:\Eigene Dateien\bar-graph\numbers_left.gif <-- flyer /home/development/flyer/htdocs/img/bar-graph numbers_left.gif
2001.08.21 17:30 B C:\Eigene Dateien\bar-graph\numbers_right.gif <-- flyer /home/development/flyer/htdocs/img/bar-graph numbers_right.gif
2001.08.21 17:30 B C:\Eigene Dateien\bar-graph\privateevents_de.gif <-- flyer /home/development/flyer/htdocs/img/bar-graph privateevents_de.gif
2001.08.21 17:30 B C:\Eigene Dateien\bar-graph\right.gif <-- flyer /home/development/flyer/htdocs/img/bar-graph right.gif
2001.08.21 17:30 B C:\Eigene Dateien\bar-graph\spacer.gif <-- flyer /home/development/flyer/htdocs/img/bar-graph spacer.gif
2001.08.21 17:30 B C:\Eigene Dateien\bar-graph\theater.gif <-- flyer /home/development/flyer/htdocs/img/bar-graph theater.gif
2001.08.21 17:30 B C:\Eigene Dateien\bar-graph\top.gif <-- flyer /home/development/flyer/htdocs/img/bar-graph top.gif
2001.08.21 17:30 B C:\Eigene Dateien\bar-graph\veranstaltungsorte_de.gif <-- flyer /home/development/flyer/htdocs/img/bar-graph veranstaltungsorte_de.gif
2001.08.21 17:38 B C:\Eigene Dateien\bar-graph\bar.gif --> bug.fork.de /home/java/tdk/webapps/mag/img/bar-graph bar.gif
2001.08.21 17:38 B C:\Eigene Dateien\bar-graph\bg_bar.gif --> bug.fork.de /home/java/tdk/webapps/mag/img/bar-graph bg_bar.gif
2001.08.21 17:38 B C:\Eigene Dateien\bar-graph\bg_number.gif --> bug.fork.de /home/java/tdk/webapps/mag/img/bar-graph bg_number.gif
2001.08.21 17:38 B C:\Eigene Dateien\bar-graph\bottom.gif --> bug.fork.de /home/java/tdk/webapps/mag/img/bar-graph bottom.gif
2001.08.21 17:38 B C:\Eigene Dateien\bar-graph\clubsundbars.gif --> bug.fork.de /home/java/tdk/webapps/mag/img/bar-graph clubsundbars.gif
2001.08.21 17:38 B C:\Eigene Dateien\bar-graph\decker.gif --> bug.fork.de /home/java/tdk/webapps/mag/img/bar-graph decker.gif
2001.08.21 17:38 B C:\Eigene Dateien\bar-graph\essenundtrinken_de.gif --> bug.fork.de /home/java/tdk/webapps/mag/img/bar-graph essenundtrinken_de.gif
2001.08.21 17:38 B C:\Eigene Dateien\bar-graph\galerien_de.gif --> bug.fork.de /home/java/tdk/webapps/mag/img/bar-graph galerien_de.gif
2001.08.21 17:38 B C:\Eigene Dateien\bar-graph\gfx.gif --> bug.fork.de /home/java/tdk/webapps/mag/img/bar-graph gfx.gif
2001.08.21 17:38 B C:\Eigene Dateien\bar-graph\kinos_de.gif --> bug.fork.de /home/java/tdk/webapps/mag/img/bar-graph kinos_de.gif
2001.08.21 17:38 B C:\Eigene Dateien\bar-graph\left.gif --> bug.fork.de /home/java/tdk/webapps/mag/img/bar-graph left.gif
2001.08.21 17:38 B C:\Eigene Dateien\bar-graph\numbers_left.gif --> bug.fork.de /home/java/tdk/webapps/mag/img/bar-graph numbers_left.gif
2001.08.21 17:38 B C:\Eigene Dateien\bar-graph\numbers_right.gif --> bug.fork.de /home/java/tdk/webapps/mag/img/bar-graph numbers_right.gif
2001.08.21 17:38 B C:\Eigene Dateien\bar-graph\privateevents_de.gif --> bug.fork.de /home/java/tdk/webapps/mag/img/bar-graph privateevents_de.gif
2001.08.21 17:38 B C:\Eigene Dateien\bar-graph\right.gif --> bug.fork.de /home/java/tdk/webapps/mag/img/bar-graph right.gif
2001.08.21 17:38 B C:\Eigene Dateien\bar-graph\spacer.gif --> bug.fork.de /home/java/tdk/webapps/mag/img/bar-graph spacer.gif
2001.08.21 17:38 B C:\Eigene Dateien\bar-graph\theater.gif --> bug.fork.de /home/java/tdk/webapps/mag/img/bar-graph theater.gif
2001.08.21 17:38 B C:\Eigene Dateien\bar-graph\top.gif --> bug.fork.de /home/java/tdk/webapps/mag/img/bar-graph top.gif
2001.08.21 17:38 B C:\Eigene Dateien\bar-graph\veranstaltungsorte_de.gif --> bug.fork.de /home/java/tdk/webapps/mag/img/bar-graph veranstaltungsorte_de.gif
2001.08.21 17:38 B C:\Eigene Dateien\bar-graph\WS_FTP.LOG --> bug.fork.de /home/java/tdk/webapps/mag/img/bar-graph WS_FTP.LOG
2001.08.24 13:12 B C:\Eigene Dateien\bar-graph\bar.gif <-- flyer /home/development/flyer/htdocs/img/bar-graph bar.gif
2001.08.24 13:12 B C:\Eigene Dateien\bar-graph\bg_bar.gif <-- flyer /home/development/flyer/htdocs/img/bar-graph bg_bar.gif
2001.08.24 13:12 B C:\Eigene Dateien\bar-graph\bg_number.gif <-- flyer /home/development/flyer/htdocs/img/bar-graph bg_number.gif
2001.08.24 13:12 B C:\Eigene Dateien\bar-graph\bottom.gif <-- flyer /home/development/flyer/htdocs/img/bar-graph bottom.gif
2001.08.24 13:12 B C:\Eigene Dateien\bar-graph\clubsundbars.gif <-- flyer /home/development/flyer/htdocs/img/bar-graph clubsundbars.gif
2001.08.24 13:12 B C:\Eigene Dateien\bar-graph\decker.gif <-- flyer /home/development/flyer/htdocs/img/bar-graph decker.gif
2001.08.24 13:12 B C:\Eigene Dateien\bar-graph\essenundtrinken_de.gif <-- flyer /home/development/flyer/htdocs/img/bar-graph essenundtrinken_de.gif
2001.08.24 13:12 B C:\Eigene Dateien\bar-graph\galerien_de.gif <-- flyer /home/development/flyer/htdocs/img/bar-graph galerien_de.gif
2001.08.24 13:12 B C:\Eigene Dateien\bar-graph\gfx.gif <-- flyer /home/development/flyer/htdocs/img/bar-graph gfx.gif
2001.08.24 13:12 B C:\Eigene Dateien\bar-graph\kinos_de.gif <-- flyer /home/development/flyer/htdocs/img/bar-graph kinos_de.gif
2001.08.24 13:12 B C:\Eigene Dateien\bar-graph\left.gif <-- flyer /home/development/flyer/htdocs/img/bar-graph left.gif
2001.08.24 13:12 B C:\Eigene Dateien\bar-graph\numbers_left.gif <-- flyer /home/development/flyer/htdocs/img/bar-graph numbers_left.gif
2001.08.24 13:12 B C:\Eigene Dateien\bar-graph\numbers_right.gif <-- flyer /home/development/flyer/htdocs/img/bar-graph numbers_right.gif
2001.08.24 13:12 B C:\Eigene Dateien\bar-graph\privateevents_de.gif <-- flyer /home/development/flyer/htdocs/img/bar-graph privateevents_de.gif
2001.08.24 13:12 B C:\Eigene Dateien\bar-graph\right.gif <-- flyer /home/development/flyer/htdocs/img/bar-graph right.gif
2001.08.24 13:12 B C:\Eigene Dateien\bar-graph\spacer.gif <-- flyer /home/development/flyer/htdocs/img/bar-graph spacer.gif
2001.08.24 13:12 B C:\Eigene Dateien\bar-graph\theater.gif <-- flyer /home/development/flyer/htdocs/img/bar-graph theater.gif
2001.08.24 13:12 B C:\Eigene Dateien\bar-graph\top.gif <-- flyer /home/development/flyer/htdocs/img/bar-graph top.gif
2001.08.24 13:12 B C:\Eigene Dateien\bar-graph\veranstaltungsorte_de.gif <-- flyer /home/development/flyer/htdocs/img/bar-graph veranstaltungsorte_de.gif
2001.08.24 13:12 B C:\Eigene Dateien\bar-graph\bar.gif --> bug.fork.de /home/java/tdk/webapps/mag/img/bar-graph bar.gif
2001.08.24 13:12 B C:\Eigene Dateien\bar-graph\bg_bar.gif --> bug.fork.de /home/java/tdk/webapps/mag/img/bar-graph bg_bar.gif
2001.08.24 13:12 B C:\Eigene Dateien\bar-graph\bg_number.gif --> bug.fork.de /home/java/tdk/webapps/mag/img/bar-graph bg_number.gif
2001.08.24 13:12 B C:\Eigene Dateien\bar-graph\bottom.gif --> bug.fork.de /home/java/tdk/webapps/mag/img/bar-graph bottom.gif
2001.08.24 13:12 B C:\Eigene Dateien\bar-graph\clubsundbars.gif --> bug.fork.de /home/java/tdk/webapps/mag/img/bar-graph clubsundbars.gif
2001.08.24 13:12 B C:\Eigene Dateien\bar-graph\decker.gif --> bug.fork.de /home/java/tdk/webapps/mag/img/bar-graph decker.gif
2001.08.24 13:12 B C:\Eigene Dateien\bar-graph\essenundtrinken_de.gif --> bug.fork.de /home/java/tdk/webapps/mag/img/bar-graph essenundtrinken_de.gif
2001.08.24 13:12 B C:\Eigene Dateien\bar-graph\galerien_de.gif --> bug.fork.de /home/java/tdk/webapps/mag/img/bar-graph galerien_de.gif
2001.08.24 13:12 B C:\Eigene Dateien\bar-graph\gfx.gif --> bug.fork.de /home/java/tdk/webapps/mag/img/bar-graph gfx.gif
2001.08.24 13:12 B C:\Eigene Dateien\bar-graph\kinos_de.gif --> bug.fork.de /home/java/tdk/webapps/mag/img/bar-graph kinos_de.gif
2001.08.24 13:12 B C:\Eigene Dateien\bar-graph\left.gif --> bug.fork.de /home/java/tdk/webapps/mag/img/bar-graph left.gif
2001.08.24 13:12 B C:\Eigene Dateien\bar-graph\numbers_left.gif --> bug.fork.de /home/java/tdk/webapps/mag/img/bar-graph numbers_left.gif
2001.08.24 13:12 B C:\Eigene Dateien\bar-graph\numbers_right.gif --> bug.fork.de /home/java/tdk/webapps/mag/img/bar-graph numbers_right.gif
2001.08.24 13:12 B C:\Eigene Dateien\bar-graph\privateevents_de.gif --> bug.fork.de /home/java/tdk/webapps/mag/img/bar-graph privateevents_de.gif
2001.08.24 13:12 B C:\Eigene Dateien\bar-graph\right.gif --> bug.fork.de /home/java/tdk/webapps/mag/img/bar-graph right.gif
2001.08.24 13:12 B C:\Eigene Dateien\bar-graph\spacer.gif --> bug.fork.de /home/java/tdk/webapps/mag/img/bar-graph spacer.gif
2001.08.24 13:12 B C:\Eigene Dateien\bar-graph\theater.gif --> bug.fork.de /home/java/tdk/webapps/mag/img/bar-graph theater.gif
2001.08.24 13:12 B C:\Eigene Dateien\bar-graph\top.gif --> bug.fork.de /home/java/tdk/webapps/mag/img/bar-graph top.gif
2001.08.24 13:12 B C:\Eigene Dateien\bar-graph\veranstaltungsorte_de.gif --> bug.fork.de /home/java/tdk/webapps/mag/img/bar-graph veranstaltungsorte_de.gif
