2001.08.28 15:08 B C:\Eigene Dateien\flyer\headlines\10_weitereinfos_de.gif --> bug.fork.de /home/java/tdk/webapps/mag/img/headlines 10_weitereinfos_de.gif
2001.08.28 15:08 B C:\Eigene Dateien\flyer\headlines\10_weitereinfos_de.gif --> bug.fork.de /home/java/tdk/webapps/mag/img/headlines 10_weitereinfos_de.gif
2001.08.28 15:08 B C:\Eigene Dateien\flyer\headlines\10_weitereinfos_de.gif --> bug.fork.de /home/java/tdk/webapps/mag/img/headlines 10_weitereinfos_de.gif
2001.08.28 15:08 B C:\Eigene Dateien\flyer\headlines\10_weitereinfos_de.gif --> bug.fork.de /home/java/tdk/webapps/mag/img/headlines 10_weitereinfos_de.gif
2001.08.28 15:08 B C:\Eigene Dateien\flyer\headlines\10_weitereinfos_de.gif --> bug.fork.de /home/java/tdk/webapps/mag/img/headlines 10_weitereinfos_de.gif
2001.08.28 15:08 B C:\Eigene Dateien\flyer\headlines\10_weitereinfos_de.gif --> bug.fork.de /home/java/tdk/webapps/mag/img/headlines 10_weitereinfos_de.gif
2001.08.28 15:08 B C:\Eigene Dateien\flyer\headlines\10_weitereinfos_de.gif --> bug.fork.de /home/java/tdk/webapps/mag/img/headlines 10_weitereinfos_de.gif
2001.08.28 15:13 B C:\Eigene Dateien\flyer\headlines\10_weitereinfos_de.gif --> bug.fork.de /home/java/tdk/webapps/mag/img/headlines 10_weitereinfos_de.gif
2001.08.28 15:13 B C:\Eigene Dateien\flyer\headlines\10_weitereinfos_en.gif --> bug.fork.de /home/java/tdk/webapps/mag/img/headlines 10_weitereinfos_en.gif
2001.08.28 15:13 B C:\Eigene Dateien\flyer\headlines\1_betreff_de.gif --> bug.fork.de /home/java/tdk/webapps/mag/img/headlines 1_betreff_de.gif
2001.08.28 15:13 B C:\Eigene Dateien\flyer\headlines\1_betreff_en.gif --> bug.fork.de /home/java/tdk/webapps/mag/img/headlines 1_betreff_en.gif
2001.08.28 15:13 B C:\Eigene Dateien\flyer\headlines\1_datum_de.gif --> bug.fork.de /home/java/tdk/webapps/mag/img/headlines 1_datum_de.gif
2001.08.28 15:13 B C:\Eigene Dateien\flyer\headlines\1_datum_en.gif --> bug.fork.de /home/java/tdk/webapps/mag/img/headlines 1_datum_en.gif
2001.08.28 15:13 B C:\Eigene Dateien\flyer\headlines\1_locationtyp_de.gif --> bug.fork.de /home/java/tdk/webapps/mag/img/headlines 1_locationtyp_de.gif
2001.08.28 15:13 B C:\Eigene Dateien\flyer\headlines\1_locationtyp_en.gif --> bug.fork.de /home/java/tdk/webapps/mag/img/headlines 1_locationtyp_en.gif
2001.08.28 15:13 B C:\Eigene Dateien\flyer\headlines\1_name_de.gif --> bug.fork.de /home/java/tdk/webapps/mag/img/headlines 1_name_de.gif
2001.08.28 15:13 B C:\Eigene Dateien\flyer\headlines\1_name_en.gif --> bug.fork.de /home/java/tdk/webapps/mag/img/headlines 1_name_en.gif
2001.08.28 15:13 B C:\Eigene Dateien\flyer\headlines\1_nameveran_de.gif --> bug.fork.de /home/java/tdk/webapps/mag/img/headlines 1_nameveran_de.gif
2001.08.28 15:13 B C:\Eigene Dateien\flyer\headlines\1_nameveran_en.gif --> bug.fork.de /home/java/tdk/webapps/mag/img/headlines 1_nameveran_en.gif
2001.08.28 15:13 B C:\Eigene Dateien\flyer\headlines\1_quicknavmag_de.gif --> bug.fork.de /home/java/tdk/webapps/mag/img/headlines 1_quicknavmag_de.gif
2001.08.28 15:13 B C:\Eigene Dateien\flyer\headlines\1_quicknavmag_en.gif --> bug.fork.de /home/java/tdk/webapps/mag/img/headlines 1_quicknavmag_en.gif
2001.08.28 15:13 B C:\Eigene Dateien\flyer\headlines\2_alphabet_de.gif --> bug.fork.de /home/java/tdk/webapps/mag/img/headlines 2_alphabet_de.gif
2001.08.28 15:13 B C:\Eigene Dateien\flyer\headlines\2_alphabet_en.gif --> bug.fork.de /home/java/tdk/webapps/mag/img/headlines 2_alphabet_en.gif
2001.08.28 15:13 B C:\Eigene Dateien\flyer\headlines\2_datum_de.gif --> bug.fork.de /home/java/tdk/webapps/mag/img/headlines 2_datum_de.gif
2001.08.28 15:13 B C:\Eigene Dateien\flyer\headlines\2_datum_en.gif --> bug.fork.de /home/java/tdk/webapps/mag/img/headlines 2_datum_en.gif
2001.08.28 15:13 B C:\Eigene Dateien\flyer\headlines\2_email_de.gif --> bug.fork.de /home/java/tdk/webapps/mag/img/headlines 2_email_de.gif
2001.08.28 15:13 B C:\Eigene Dateien\flyer\headlines\2_email_en.gif --> bug.fork.de /home/java/tdk/webapps/mag/img/headlines 2_email_en.gif
2001.08.28 15:13 B C:\Eigene Dateien\flyer\headlines\2_eventtyp_de.gif --> bug.fork.de /home/java/tdk/webapps/mag/img/headlines 2_eventtyp_de.gif
2001.08.28 15:13 B C:\Eigene Dateien\flyer\headlines\2_eventtyp_en.gif --> bug.fork.de /home/java/tdk/webapps/mag/img/headlines 2_eventtyp_en.gif
2001.08.28 15:13 B C:\Eigene Dateien\flyer\headlines\2_stilrichtung_de.gif --> bug.fork.de /home/java/tdk/webapps/mag/img/headlines 2_stilrichtung_de.gif
2001.08.28 15:13 B C:\Eigene Dateien\flyer\headlines\2_stilrichtung_en.gif --> bug.fork.de /home/java/tdk/webapps/mag/img/headlines 2_stilrichtung_en.gif
2001.08.28 15:13 B C:\Eigene Dateien\flyer\headlines\3_region_de.gif --> bug.fork.de /home/java/tdk/webapps/mag/img/headlines 3_region_de.gif
2001.08.28 15:13 B C:\Eigene Dateien\flyer\headlines\3_region_en.gif --> bug.fork.de /home/java/tdk/webapps/mag/img/headlines 3_region_en.gif
2001.08.28 15:13 B C:\Eigene Dateien\flyer\headlines\3_stadtteil_de.gif --> bug.fork.de /home/java/tdk/webapps/mag/img/headlines 3_stadtteil_de.gif
2001.08.28 15:13 B C:\Eigene Dateien\flyer\headlines\3_stadtteil_en.gif --> bug.fork.de /home/java/tdk/webapps/mag/img/headlines 3_stadtteil_en.gif
2001.08.28 15:13 B C:\Eigene Dateien\flyer\headlines\3_stilrichtung_de.gif --> bug.fork.de /home/java/tdk/webapps/mag/img/headlines 3_stilrichtung_de.gif
2001.08.28 15:13 B C:\Eigene Dateien\flyer\headlines\3_stilrichtung_en.gif --> bug.fork.de /home/java/tdk/webapps/mag/img/headlines 3_stilrichtung_en.gif
2001.08.28 15:13 B C:\Eigene Dateien\flyer\headlines\3_website_de.gif --> bug.fork.de /home/java/tdk/webapps/mag/img/headlines 3_website_de.gif
2001.08.28 15:13 B C:\Eigene Dateien\flyer\headlines\3_website_en.gif --> bug.fork.de /home/java/tdk/webapps/mag/img/headlines 3_website_en.gif
2001.08.28 15:13 B C:\Eigene Dateien\flyer\headlines\4_alphabet_de.gif --> bug.fork.de /home/java/tdk/webapps/mag/img/headlines 4_alphabet_de.gif
2001.08.28 15:13 B C:\Eigene Dateien\flyer\headlines\4_alphabet_en.gif --> bug.fork.de /home/java/tdk/webapps/mag/img/headlines 4_alphabet_en.gif
2001.08.28 15:13 B C:\Eigene Dateien\flyer\headlines\4_stadt_de.gif --> bug.fork.de /home/java/tdk/webapps/mag/img/headlines 4_stadt_de.gif
2001.08.28 15:13 B C:\Eigene Dateien\flyer\headlines\4_stadt_en.gif --> bug.fork.de /home/java/tdk/webapps/mag/img/headlines 4_stadt_en.gif
2001.08.28 15:13 B C:\Eigene Dateien\flyer\headlines\4_suchebegriff_de.gif --> bug.fork.de /home/java/tdk/webapps/mag/img/headlines 4_suchebegriff_de.gif
2001.08.28 15:13 B C:\Eigene Dateien\flyer\headlines\4_suchebegriff_en.gif --> bug.fork.de /home/java/tdk/webapps/mag/img/headlines 4_suchebegriff_en.gif
2001.08.28 15:13 B C:\Eigene Dateien\flyer\headlines\5_flyer_de.gif --> bug.fork.de /home/java/tdk/webapps/mag/img/headlines 5_flyer_de.gif
2001.08.28 15:13 B C:\Eigene Dateien\flyer\headlines\5_flyer_en.gif --> bug.fork.de /home/java/tdk/webapps/mag/img/headlines 5_flyer_en.gif
2001.08.28 15:13 B C:\Eigene Dateien\flyer\headlines\5_zeit_de.gif --> bug.fork.de /home/java/tdk/webapps/mag/img/headlines 5_zeit_de.gif
2001.08.28 15:13 B C:\Eigene Dateien\flyer\headlines\5_zeit_en.gif --> bug.fork.de /home/java/tdk/webapps/mag/img/headlines 5_zeit_en.gif
2001.08.28 15:13 B C:\Eigene Dateien\flyer\headlines\6_kommentar_de.gif --> bug.fork.de /home/java/tdk/webapps/mag/img/headlines 6_kommentar_de.gif
2001.08.28 15:13 B C:\Eigene Dateien\flyer\headlines\6_kommentar_en.gif --> bug.fork.de /home/java/tdk/webapps/mag/img/headlines 6_kommentar_en.gif
2001.08.28 15:13 B C:\Eigene Dateien\flyer\headlines\6_location_de.gif --> bug.fork.de /home/java/tdk/webapps/mag/img/headlines 6_location_de.gif
2001.08.28 15:13 B C:\Eigene Dateien\flyer\headlines\6_location_en.gif --> bug.fork.de /home/java/tdk/webapps/mag/img/headlines 6_location_en.gif
2001.08.28 15:13 B C:\Eigene Dateien\flyer\headlines\7_stilrichtung_de.gif --> bug.fork.de /home/java/tdk/webapps/mag/img/headlines 7_stilrichtung_de.gif
2001.08.28 15:13 B C:\Eigene Dateien\flyer\headlines\7_stilrichtung_en.gif --> bug.fork.de /home/java/tdk/webapps/mag/img/headlines 7_stilrichtung_en.gif
2001.08.28 15:13 B C:\Eigene Dateien\flyer\headlines\8_djliveband_de.gif --> bug.fork.de /home/java/tdk/webapps/mag/img/headlines 8_djliveband_de.gif
2001.08.28 15:13 B C:\Eigene Dateien\flyer\headlines\8_djliveband_en.gif --> bug.fork.de /home/java/tdk/webapps/mag/img/headlines 8_djliveband_en.gif
2001.08.28 15:13 B C:\Eigene Dateien\flyer\headlines\9_email_de.gif --> bug.fork.de /home/java/tdk/webapps/mag/img/headlines 9_email_de.gif
2001.08.28 15:13 B C:\Eigene Dateien\flyer\headlines\9_email_en.gif --> bug.fork.de /home/java/tdk/webapps/mag/img/headlines 9_email_en.gif
2001.08.28 15:13 B C:\Eigene Dateien\flyer\headlines\andere_de.gif --> bug.fork.de /home/java/tdk/webapps/mag/img/headlines andere_de.gif
2001.08.28 15:13 B C:\Eigene Dateien\flyer\headlines\andere_en.gif --> bug.fork.de /home/java/tdk/webapps/mag/img/headlines andere_en.gif
2001.08.28 15:13 B C:\Eigene Dateien\flyer\headlines\archivsuche_de.gif --> bug.fork.de /home/java/tdk/webapps/mag/img/headlines archivsuche_de.gif
2001.08.28 15:13 B C:\Eigene Dateien\flyer\headlines\archivsuche_en.gif --> bug.fork.de /home/java/tdk/webapps/mag/img/headlines archivsuche_en.gif
2001.08.28 15:13 B C:\Eigene Dateien\flyer\headlines\artikel_de.gif --> bug.fork.de /home/java/tdk/webapps/mag/img/headlines artikel_de.gif
2001.08.28 15:13 B C:\Eigene Dateien\flyer\headlines\artikel_en.gif --> bug.fork.de /home/java/tdk/webapps/mag/img/headlines artikel_en.gif
2001.08.28 15:13 B C:\Eigene Dateien\flyer\headlines\ausstellungen_de.gif --> bug.fork.de /home/java/tdk/webapps/mag/img/headlines ausstellungen_de.gif
2001.08.28 15:13 B C:\Eigene Dateien\flyer\headlines\ausstellungen_en.gif --> bug.fork.de /home/java/tdk/webapps/mag/img/headlines ausstellungen_en.gif
2001.08.28 15:13 B C:\Eigene Dateien\flyer\headlines\beschreibung_de.gif --> bug.fork.de /home/java/tdk/webapps/mag/img/headlines beschreibung_de.gif
2001.08.28 15:13 B C:\Eigene Dateien\flyer\headlines\beschreibung_en.gif --> bug.fork.de /home/java/tdk/webapps/mag/img/headlines beschreibung_en.gif
2001.08.28 15:13 B C:\Eigene Dateien\flyer\headlines\besprechungen_de.gif --> bug.fork.de /home/java/tdk/webapps/mag/img/headlines besprechungen_de.gif
2001.08.28 15:13 B C:\Eigene Dateien\flyer\headlines\besprechungen_en.gif --> bug.fork.de /home/java/tdk/webapps/mag/img/headlines besprechungen_en.gif
2001.08.28 15:13 B C:\Eigene Dateien\flyer\headlines\bestellnewsletter_de.gif --> bug.fork.de /home/java/tdk/webapps/mag/img/headlines bestellnewsletter_de.gif
2001.08.28 15:13 B C:\Eigene Dateien\flyer\headlines\bestellnewsletter_en.gif --> bug.fork.de /home/java/tdk/webapps/mag/img/headlines bestellnewsletter_en.gif
2001.08.28 15:13 B C:\Eigene Dateien\flyer\headlines\buecher_de.gif --> bug.fork.de /home/java/tdk/webapps/mag/img/headlines buecher_de.gif
2001.08.28 15:13 B C:\Eigene Dateien\flyer\headlines\buecher_en.gif --> bug.fork.de /home/java/tdk/webapps/mag/img/headlines buecher_en.gif
2001.08.28 15:13 B C:\Eigene Dateien\flyer\headlines\buehne_de.gif --> bug.fork.de /home/java/tdk/webapps/mag/img/headlines buehne_de.gif
2001.08.28 15:13 B C:\Eigene Dateien\flyer\headlines\buehne_en.gif --> bug.fork.de /home/java/tdk/webapps/mag/img/headlines buehne_en.gif
2001.08.28 15:13 B C:\Eigene Dateien\flyer\headlines\cds_de.gif --> bug.fork.de /home/java/tdk/webapps/mag/img/headlines cds_de.gif
2001.08.28 15:13 B C:\Eigene Dateien\flyer\headlines\cds_en.gif --> bug.fork.de /home/java/tdk/webapps/mag/img/headlines cds_en.gif
2001.08.28 15:13 B C:\Eigene Dateien\flyer\headlines\cityselector_de.gif --> bug.fork.de /home/java/tdk/webapps/mag/img/headlines cityselector_de.gif
2001.08.28 15:13 B C:\Eigene Dateien\flyer\headlines\cityselector_en.gif --> bug.fork.de /home/java/tdk/webapps/mag/img/headlines cityselector_en.gif
2001.08.28 15:13 B C:\Eigene Dateien\flyer\headlines\clubsundbars_de.gif --> bug.fork.de /home/java/tdk/webapps/mag/img/headlines clubsundbars_de.gif
2001.08.28 15:13 B C:\Eigene Dateien\flyer\headlines\clubsundbars_en.gif --> bug.fork.de /home/java/tdk/webapps/mag/img/headlines clubsundbars_en.gif
2001.08.28 15:13 B C:\Eigene Dateien\flyer\headlines\coverstory_de.gif --> bug.fork.de /home/java/tdk/webapps/mag/img/headlines coverstory_de.gif
2001.08.28 15:13 B C:\Eigene Dateien\flyer\headlines\coverstory_en.gif --> bug.fork.de /home/java/tdk/webapps/mag/img/headlines coverstory_en.gif
2001.08.28 15:13 B C:\Eigene Dateien\flyer\headlines\datum_de.gif --> bug.fork.de /home/java/tdk/webapps/mag/img/headlines datum_de.gif
2001.08.28 15:13 B C:\Eigene Dateien\flyer\headlines\datum_en.gif --> bug.fork.de /home/java/tdk/webapps/mag/img/headlines datum_en.gif
2001.08.28 15:13 B C:\Eigene Dateien\flyer\headlines\dienstag_de.gif --> bug.fork.de /home/java/tdk/webapps/mag/img/headlines dienstag_de.gif
2001.08.28 15:13 B C:\Eigene Dateien\flyer\headlines\dienstag_en.gif --> bug.fork.de /home/java/tdk/webapps/mag/img/headlines dienstag_en.gif
2001.08.28 15:13 B C:\Eigene Dateien\flyer\headlines\donnerstag_de.gif --> bug.fork.de /home/java/tdk/webapps/mag/img/headlines donnerstag_de.gif
2001.08.28 15:13 B C:\Eigene Dateien\flyer\headlines\donnerstag_en.gif --> bug.fork.de /home/java/tdk/webapps/mag/img/headlines donnerstag_en.gif
2001.08.28 15:13 B C:\Eigene Dateien\flyer\headlines\dummy_big.gif --> bug.fork.de /home/java/tdk/webapps/mag/img/headlines dummy_big.gif
2001.08.28 15:13 B C:\Eigene Dateien\flyer\headlines\dummy_small.gif --> bug.fork.de /home/java/tdk/webapps/mag/img/headlines dummy_small.gif
2001.08.28 15:13 B C:\Eigene Dateien\flyer\headlines\ecards_de.gif --> bug.fork.de /home/java/tdk/webapps/mag/img/headlines ecards_de.gif
2001.08.28 15:13 B C:\Eigene Dateien\flyer\headlines\ecards_en.gif --> bug.fork.de /home/java/tdk/webapps/mag/img/headlines ecards_en.gif
2001.08.28 15:13 B C:\Eigene Dateien\flyer\headlines\eintragverfassen_de.gif --> bug.fork.de /home/java/tdk/webapps/mag/img/headlines eintragverfassen_de.gif
2001.08.28 15:13 B C:\Eigene Dateien\flyer\headlines\eintragverfassen_en.gif --> bug.fork.de /home/java/tdk/webapps/mag/img/headlines eintragverfassen_en.gif
2001.08.28 15:13 B C:\Eigene Dateien\flyer\headlines\essenundtrinken_de.gif --> bug.fork.de /home/java/tdk/webapps/mag/img/headlines essenundtrinken_de.gif
2001.08.28 15:13 B C:\Eigene Dateien\flyer\headlines\essenundtrinken_en.gif --> bug.fork.de /home/java/tdk/webapps/mag/img/headlines essenundtrinken_en.gif
2001.08.28 15:13 B C:\Eigene Dateien\flyer\headlines\eurepartydates_de.gif --> bug.fork.de /home/java/tdk/webapps/mag/img/headlines eurepartydates_de.gif
2001.08.28 15:13 B C:\Eigene Dateien\flyer\headlines\eurepartydates_en.gif --> bug.fork.de /home/java/tdk/webapps/mag/img/headlines eurepartydates_en.gif
2001.08.28 15:13 B C:\Eigene Dateien\flyer\headlines\event_de.gif --> bug.fork.de /home/java/tdk/webapps/mag/img/headlines event_de.gif
2001.08.28 15:13 B C:\Eigene Dateien\flyer\headlines\event_en.gif --> bug.fork.de /home/java/tdk/webapps/mag/img/headlines event_en.gif
2001.08.28 15:13 B C:\Eigene Dateien\flyer\headlines\events_de.gif --> bug.fork.de /home/java/tdk/webapps/mag/img/headlines events_de.gif
2001.08.28 15:13 B C:\Eigene Dateien\flyer\headlines\events_en.gif --> bug.fork.de /home/java/tdk/webapps/mag/img/headlines events_en.gif
2001.08.28 15:13 B C:\Eigene Dateien\flyer\headlines\eventssuche_de.gif --> bug.fork.de /home/java/tdk/webapps/mag/img/headlines eventssuche_de.gif
2001.08.28 15:13 B C:\Eigene Dateien\flyer\headlines\eventssuche_en.gif --> bug.fork.de /home/java/tdk/webapps/mag/img/headlines eventssuche_en.gif
2001.08.28 15:13 B C:\Eigene Dateien\flyer\headlines\featlocations_de.gif --> bug.fork.de /home/java/tdk/webapps/mag/img/headlines featlocations_de.gif
2001.08.28 15:13 B C:\Eigene Dateien\flyer\headlines\featlocations_en.gif --> bug.fork.de /home/java/tdk/webapps/mag/img/headlines featlocations_en.gif
2001.08.28 15:13 B C:\Eigene Dateien\flyer\headlines\featuredlocation_de.gif --> bug.fork.de /home/java/tdk/webapps/mag/img/headlines featuredlocation_de.gif
2001.08.28 15:13 B C:\Eigene Dateien\flyer\headlines\featuredlocation_en.gif --> bug.fork.de /home/java/tdk/webapps/mag/img/headlines featuredlocation_en.gif
2001.08.28 15:13 B C:\Eigene Dateien\flyer\headlines\filme_de.gif --> bug.fork.de /home/java/tdk/webapps/mag/img/headlines filme_de.gif
2001.08.28 15:13 B C:\Eigene Dateien\flyer\headlines\filme_en.gif --> bug.fork.de /home/java/tdk/webapps/mag/img/headlines filme_en.gif
2001.08.28 15:13 B C:\Eigene Dateien\flyer\headlines\flyerforum_de.gif --> bug.fork.de /home/java/tdk/webapps/mag/img/headlines flyerforum_de.gif
2001.08.28 15:13 B C:\Eigene Dateien\flyer\headlines\flyerforum_en.gif --> bug.fork.de /home/java/tdk/webapps/mag/img/headlines flyerforum_en.gif
2001.08.28 15:13 B C:\Eigene Dateien\flyer\headlines\flyerimpressum_de.gif --> bug.fork.de /home/java/tdk/webapps/mag/img/headlines flyerimpressum_de.gif
2001.08.28 15:13 B C:\Eigene Dateien\flyer\headlines\flyerimpressum_en.gif --> bug.fork.de /home/java/tdk/webapps/mag/img/headlines flyerimpressum_en.gif
2001.08.28 15:13 B C:\Eigene Dateien\flyer\headlines\freitag_de.gif --> bug.fork.de /home/java/tdk/webapps/mag/img/headlines freitag_de.gif
2001.08.28 15:13 B C:\Eigene Dateien\flyer\headlines\freitag_en.gif --> bug.fork.de /home/java/tdk/webapps/mag/img/headlines freitag_en.gif
2001.08.28 15:13 B C:\Eigene Dateien\flyer\headlines\galerien_de.gif --> bug.fork.de /home/java/tdk/webapps/mag/img/headlines galerien_de.gif
2001.08.28 15:13 B C:\Eigene Dateien\flyer\headlines\galerien_en.gif --> bug.fork.de /home/java/tdk/webapps/mag/img/headlines galerien_en.gif
2001.08.28 15:13 B C:\Eigene Dateien\flyer\headlines\gallerienundmuseen_de.gif --> bug.fork.de /home/java/tdk/webapps/mag/img/headlines gallerienundmuseen_de.gif
2001.08.28 15:13 B C:\Eigene Dateien\flyer\headlines\gallerienundmuseen_en.gif --> bug.fork.de /home/java/tdk/webapps/mag/img/headlines gallerienundmuseen_en.gif
2001.08.28 15:13 B C:\Eigene Dateien\flyer\headlines\gesamtesite_de.gif --> bug.fork.de /home/java/tdk/webapps/mag/img/headlines gesamtesite_de.gif
2001.08.28 15:13 B C:\Eigene Dateien\flyer\headlines\gesamtesite_en.gif --> bug.fork.de /home/java/tdk/webapps/mag/img/headlines gesamtesite_en.gif
2001.08.28 15:13 B C:\Eigene Dateien\flyer\headlines\geschichte_de.gif --> bug.fork.de /home/java/tdk/webapps/mag/img/headlines geschichte_de.gif
2001.08.28 15:13 B C:\Eigene Dateien\flyer\headlines\geschichte_en.gif --> bug.fork.de /home/java/tdk/webapps/mag/img/headlines geschichte_en.gif
2001.08.28 15:13 B C:\Eigene Dateien\flyer\headlines\gewinnspiele_de.gif --> bug.fork.de /home/java/tdk/webapps/mag/img/headlines gewinnspiele_de.gif
2001.08.28 15:13 B C:\Eigene Dateien\flyer\headlines\gewinnspiele_en.gif --> bug.fork.de /home/java/tdk/webapps/mag/img/headlines gewinnspiele_en.gif
2001.08.28 15:13 B C:\Eigene Dateien\flyer\headlines\heute_de.gif --> bug.fork.de /home/java/tdk/webapps/mag/img/headlines heute_de.gif
2001.08.28 15:13 B C:\Eigene Dateien\flyer\headlines\heute_en.gif --> bug.fork.de /home/java/tdk/webapps/mag/img/headlines heute_en.gif
2001.08.28 15:13 B C:\Eigene Dateien\flyer\headlines\hiergibtsparties_de.gif --> bug.fork.de /home/java/tdk/webapps/mag/img/headlines hiergibtsparties_de.gif
2001.08.28 15:13 B C:\Eigene Dateien\flyer\headlines\hiergibtsparties_en.gif --> bug.fork.de /home/java/tdk/webapps/mag/img/headlines hiergibtsparties_en.gif
2001.08.28 15:13 B C:\Eigene Dateien\flyer\headlines\impressum_de.gif --> bug.fork.de /home/java/tdk/webapps/mag/img/headlines impressum_de.gif
2001.08.28 15:13 B C:\Eigene Dateien\flyer\headlines\impressum_en.gif --> bug.fork.de /home/java/tdk/webapps/mag/img/headlines impressum_en.gif
2001.08.28 15:13 B C:\Eigene Dateien\flyer\headlines\inevents_de.gif --> bug.fork.de /home/java/tdk/webapps/mag/img/headlines inevents_de.gif
2001.08.28 15:13 B C:\Eigene Dateien\flyer\headlines\inevents_en.gif --> bug.fork.de /home/java/tdk/webapps/mag/img/headlines inevents_en.gif
2001.08.28 15:13 B C:\Eigene Dateien\flyer\headlines\inlocations_de.gif --> bug.fork.de /home/java/tdk/webapps/mag/img/headlines inlocations_de.gif
2001.08.28 15:13 B C:\Eigene Dateien\flyer\headlines\inlocations_en.gif --> bug.fork.de /home/java/tdk/webapps/mag/img/headlines inlocations_en.gif
2001.08.28 15:13 B C:\Eigene Dateien\flyer\headlines\inmagazin_de.gif --> bug.fork.de /home/java/tdk/webapps/mag/img/headlines inmagazin_de.gif
2001.08.28 15:13 B C:\Eigene Dateien\flyer\headlines\inmagazin_en.gif --> bug.fork.de /home/java/tdk/webapps/mag/img/headlines inmagazin_en.gif
2001.08.28 15:13 B C:\Eigene Dateien\flyer\headlines\interviews_de.gif --> bug.fork.de /home/java/tdk/webapps/mag/img/headlines interviews_de.gif
2001.08.28 15:13 B C:\Eigene Dateien\flyer\headlines\interviews_en.gif --> bug.fork.de /home/java/tdk/webapps/mag/img/headlines interviews_en.gif
2001.08.28 15:13 B C:\Eigene Dateien\flyer\headlines\kinos_de.gif --> bug.fork.de /home/java/tdk/webapps/mag/img/headlines kinos_de.gif
2001.08.28 15:13 B C:\Eigene Dateien\flyer\headlines\kinos_en.gif --> bug.fork.de /home/java/tdk/webapps/mag/img/headlines kinos_en.gif
2001.08.28 15:13 B C:\Eigene Dateien\flyer\headlines\kontakt_de.gif --> bug.fork.de /home/java/tdk/webapps/mag/img/headlines kontakt_de.gif
2001.08.28 15:13 B C:\Eigene Dateien\flyer\headlines\kontakt_en.gif --> bug.fork.de /home/java/tdk/webapps/mag/img/headlines kontakt_en.gif
2001.08.28 15:13 B C:\Eigene Dateien\flyer\headlines\konzerte_de.gif --> bug.fork.de /home/java/tdk/webapps/mag/img/headlines konzerte_de.gif
2001.08.28 15:13 B C:\Eigene Dateien\flyer\headlines\konzerte_en.gif --> bug.fork.de /home/java/tdk/webapps/mag/img/headlines konzerte_en.gif
2001.08.28 15:13 B C:\Eigene Dateien\flyer\headlines\location_de.gif --> bug.fork.de /home/java/tdk/webapps/mag/img/headlines location_de.gif
2001.08.28 15:13 B C:\Eigene Dateien\flyer\headlines\location_en.gif --> bug.fork.de /home/java/tdk/webapps/mag/img/headlines location_en.gif
2001.08.28 15:13 B C:\Eigene Dateien\flyer\headlines\locations_de.gif --> bug.fork.de /home/java/tdk/webapps/mag/img/headlines locations_de.gif
2001.08.28 15:13 B C:\Eigene Dateien\flyer\headlines\locations_en.gif --> bug.fork.de /home/java/tdk/webapps/mag/img/headlines locations_en.gif
2001.08.28 15:13 B C:\Eigene Dateien\flyer\headlines\locsuche_de.gif --> bug.fork.de /home/java/tdk/webapps/mag/img/headlines locsuche_de.gif
2001.08.28 15:13 B C:\Eigene Dateien\flyer\headlines\locsuche_en.gif --> bug.fork.de /home/java/tdk/webapps/mag/img/headlines locsuche_en.gif
2001.08.28 15:13 B C:\Eigene Dateien\flyer\headlines\magazin_de.gif --> bug.fork.de /home/java/tdk/webapps/mag/img/headlines magazin_de.gif
2001.08.28 15:13 B C:\Eigene Dateien\flyer\headlines\magazin_en.gif --> bug.fork.de /home/java/tdk/webapps/mag/img/headlines magazin_en.gif
2001.08.28 15:13 B C:\Eigene Dateien\flyer\headlines\magazinsuche_de.gif --> bug.fork.de /home/java/tdk/webapps/mag/img/headlines magazinsuche_de.gif
2001.08.28 15:13 B C:\Eigene Dateien\flyer\headlines\magazinsuche_en.gif --> bug.fork.de /home/java/tdk/webapps/mag/img/headlines magazinsuche_en.gif
2001.08.28 15:13 B C:\Eigene Dateien\flyer\headlines\mehrartikel_de.gif --> bug.fork.de /home/java/tdk/webapps/mag/img/headlines mehrartikel_de.gif
2001.08.28 15:13 B C:\Eigene Dateien\flyer\headlines\mehrartikel_en.gif --> bug.fork.de /home/java/tdk/webapps/mag/img/headlines mehrartikel_en.gif
2001.08.28 15:13 B C:\Eigene Dateien\flyer\headlines\mehrbesprechungen_de.gif --> bug.fork.de /home/java/tdk/webapps/mag/img/headlines mehrbesprechungen_de.gif
2001.08.28 15:13 B C:\Eigene Dateien\flyer\headlines\mehrbesprechungen_en.gif --> bug.fork.de /home/java/tdk/webapps/mag/img/headlines mehrbesprechungen_en.gif
2001.08.28 15:13 B C:\Eigene Dateien\flyer\headlines\mehrbuecher_de.gif --> bug.fork.de /home/java/tdk/webapps/mag/img/headlines mehrbuecher_de.gif
2001.08.28 15:13 B C:\Eigene Dateien\flyer\headlines\mehrbuecher_en.gif --> bug.fork.de /home/java/tdk/webapps/mag/img/headlines mehrbuecher_en.gif
2001.08.28 15:13 B C:\Eigene Dateien\flyer\headlines\mehrcds_de.gif --> bug.fork.de /home/java/tdk/webapps/mag/img/headlines mehrcds_de.gif
2001.08.28 15:13 B C:\Eigene Dateien\flyer\headlines\mehrcds_en.gif --> bug.fork.de /home/java/tdk/webapps/mag/img/headlines mehrcds_en.gif
2001.08.28 15:13 B C:\Eigene Dateien\flyer\headlines\mehrevents_de.gif --> bug.fork.de /home/java/tdk/webapps/mag/img/headlines mehrevents_de.gif
2001.08.28 15:13 B C:\Eigene Dateien\flyer\headlines\mehrevents_en.gif --> bug.fork.de /home/java/tdk/webapps/mag/img/headlines mehrevents_en.gif
2001.08.28 15:13 B C:\Eigene Dateien\flyer\headlines\mehrfilme_de.gif --> bug.fork.de /home/java/tdk/webapps/mag/img/headlines mehrfilme_de.gif
2001.08.28 15:13 B C:\Eigene Dateien\flyer\headlines\mehrfilme_en.gif --> bug.fork.de /home/java/tdk/webapps/mag/img/headlines mehrfilme_en.gif
2001.08.28 15:13 B C:\Eigene Dateien\flyer\headlines\mehrmag_de.gif --> bug.fork.de /home/java/tdk/webapps/mag/img/headlines mehrmag_de.gif
2001.08.28 15:13 B C:\Eigene Dateien\flyer\headlines\mehrmag_en.gif --> bug.fork.de /home/java/tdk/webapps/mag/img/headlines mehrmag_en.gif
2001.08.28 15:13 B C:\Eigene Dateien\flyer\headlines\mehrnews_de.gif --> bug.fork.de /home/java/tdk/webapps/mag/img/headlines mehrnews_de.gif
2001.08.28 15:13 B C:\Eigene Dateien\flyer\headlines\mehrnews_en.gif --> bug.fork.de /home/java/tdk/webapps/mag/img/headlines mehrnews_en.gif
2001.08.28 15:13 B C:\Eigene Dateien\flyer\headlines\mehrreisen_de.gif --> bug.fork.de /home/java/tdk/webapps/mag/img/headlines mehrreisen_de.gif
2001.08.28 15:13 B C:\Eigene Dateien\flyer\headlines\mehrreisen_en.gif --> bug.fork.de /home/java/tdk/webapps/mag/img/headlines mehrreisen_en.gif
2001.08.28 15:13 B C:\Eigene Dateien\flyer\headlines\mehrshopping_de.gif --> bug.fork.de /home/java/tdk/webapps/mag/img/headlines mehrshopping_de.gif
2001.08.28 15:13 B C:\Eigene Dateien\flyer\headlines\mehrshopping_en.gif --> bug.fork.de /home/java/tdk/webapps/mag/img/headlines mehrshopping_en.gif
2001.08.28 15:13 B C:\Eigene Dateien\flyer\headlines\mehrspiele_de.gif --> bug.fork.de /home/java/tdk/webapps/mag/img/headlines mehrspiele_de.gif
2001.08.28 15:13 B C:\Eigene Dateien\flyer\headlines\mehrspiele_en.gif --> bug.fork.de /home/java/tdk/webapps/mag/img/headlines mehrspiele_en.gif
2001.08.28 15:13 B C:\Eigene Dateien\flyer\headlines\mehrtontraeger_de.gif --> bug.fork.de /home/java/tdk/webapps/mag/img/headlines mehrtontraeger_de.gif
2001.08.28 15:13 B C:\Eigene Dateien\flyer\headlines\mehrtontraeger_en.gif --> bug.fork.de /home/java/tdk/webapps/mag/img/headlines mehrtontraeger_en.gif
2001.08.28 15:13 B C:\Eigene Dateien\flyer\headlines\mehrvinyl_de.gif --> bug.fork.de /home/java/tdk/webapps/mag/img/headlines mehrvinyl_de.gif
2001.08.28 15:13 B C:\Eigene Dateien\flyer\headlines\mehrvinyl_en.gif --> bug.fork.de /home/java/tdk/webapps/mag/img/headlines mehrvinyl_en.gif
2001.08.28 15:13 B C:\Eigene Dateien\flyer\headlines\mittwoch_de.gif --> bug.fork.de /home/java/tdk/webapps/mag/img/headlines mittwoch_de.gif
2001.08.28 15:13 B C:\Eigene Dateien\flyer\headlines\mittwoch_en.gif --> bug.fork.de /home/java/tdk/webapps/mag/img/headlines mittwoch_en.gif
2001.08.28 15:13 B C:\Eigene Dateien\flyer\headlines\mode_de.gif --> bug.fork.de /home/java/tdk/webapps/mag/img/headlines mode_de.gif
2001.08.28 15:13 B C:\Eigene Dateien\flyer\headlines\mode_en.gif --> bug.fork.de /home/java/tdk/webapps/mag/img/headlines mode_en.gif
2001.08.28 15:13 B C:\Eigene Dateien\flyer\headlines\monat_de.gif --> bug.fork.de /home/java/tdk/webapps/mag/img/headlines monat_de.gif
2001.08.28 15:13 B C:\Eigene Dateien\flyer\headlines\monat_en.gif --> bug.fork.de /home/java/tdk/webapps/mag/img/headlines monat_en.gif
2001.08.28 15:13 B C:\Eigene Dateien\flyer\headlines\montag_de.gif --> bug.fork.de /home/java/tdk/webapps/mag/img/headlines montag_de.gif
2001.08.28 15:13 B C:\Eigene Dateien\flyer\headlines\montag_en.gif --> bug.fork.de /home/java/tdk/webapps/mag/img/headlines montag_en.gif
2001.08.28 15:13 B C:\Eigene Dateien\flyer\headlines\morgen_de.gif --> bug.fork.de /home/java/tdk/webapps/mag/img/headlines morgen_de.gif
2001.08.28 15:13 B C:\Eigene Dateien\flyer\headlines\morgen_en.gif --> bug.fork.de /home/java/tdk/webapps/mag/img/headlines morgen_en.gif
2001.08.28 15:13 B C:\Eigene Dateien\flyer\headlines\myflyer_de.gif --> bug.fork.de /home/java/tdk/webapps/mag/img/headlines myflyer_de.gif
2001.08.28 15:13 B C:\Eigene Dateien\flyer\headlines\myflyer_en.gif --> bug.fork.de /home/java/tdk/webapps/mag/img/headlines myflyer_en.gif
2001.08.28 15:13 B C:\Eigene Dateien\flyer\headlines\mynotebook_de.gif --> bug.fork.de /home/java/tdk/webapps/mag/img/headlines mynotebook_de.gif
2001.08.28 15:13 B C:\Eigene Dateien\flyer\headlines\mynotebook_en.gif --> bug.fork.de /home/java/tdk/webapps/mag/img/headlines mynotebook_en.gif
2001.08.28 15:13 B C:\Eigene Dateien\flyer\headlines\nachtleben_de.gif --> bug.fork.de /home/java/tdk/webapps/mag/img/headlines nachtleben_de.gif
2001.08.28 15:13 B C:\Eigene Dateien\flyer\headlines\nachtleben_en.gif --> bug.fork.de /home/java/tdk/webapps/mag/img/headlines nachtleben_en.gif
2001.08.28 15:13 B C:\Eigene Dateien\flyer\headlines\nameundadresse_de.gif --> bug.fork.de /home/java/tdk/webapps/mag/img/headlines nameundadresse_de.gif
2001.08.28 15:13 B C:\Eigene Dateien\flyer\headlines\nameundadresse_en.gif --> bug.fork.de /home/java/tdk/webapps/mag/img/headlines nameundadresse_en.gif
2001.08.28 15:13 B C:\Eigene Dateien\flyer\headlines\neuelocations_de.gif --> bug.fork.de /home/java/tdk/webapps/mag/img/headlines neuelocations_de.gif
2001.08.28 15:13 B C:\Eigene Dateien\flyer\headlines\neuelocations_en.gif --> bug.fork.de /home/java/tdk/webapps/mag/img/headlines neuelocations_en.gif
2001.08.28 15:13 B C:\Eigene Dateien\flyer\headlines\neuzugaenge_de.gif --> bug.fork.de /home/java/tdk/webapps/mag/img/headlines neuzugaenge_de.gif
2001.08.28 15:13 B C:\Eigene Dateien\flyer\headlines\neuzugaenge_en.gif --> bug.fork.de /home/java/tdk/webapps/mag/img/headlines neuzugaenge_en.gif
2001.08.28 15:13 B C:\Eigene Dateien\flyer\headlines\news_de.gif --> bug.fork.de /home/java/tdk/webapps/mag/img/headlines news_de.gif
2001.08.28 15:13 B C:\Eigene Dateien\flyer\headlines\news_en.gif --> bug.fork.de /home/java/tdk/webapps/mag/img/headlines news_en.gif
2001.08.28 15:13 B C:\Eigene Dateien\flyer\headlines\newsletter_de.gif --> bug.fork.de /home/java/tdk/webapps/mag/img/headlines newsletter_de.gif
2001.08.28 15:13 B C:\Eigene Dateien\flyer\headlines\newsletter_en.gif --> bug.fork.de /home/java/tdk/webapps/mag/img/headlines newsletter_en.gif
2001.08.28 15:13 B C:\Eigene Dateien\flyer\headlines\polaroids_de.gif --> bug.fork.de /home/java/tdk/webapps/mag/img/headlines polaroids_de.gif
2001.08.28 15:13 B C:\Eigene Dateien\flyer\headlines\polaroids_en.gif --> bug.fork.de /home/java/tdk/webapps/mag/img/headlines polaroids_en.gif
2001.08.28 15:13 B C:\Eigene Dateien\flyer\headlines\polaroidsarchiv_de.gif --> bug.fork.de /home/java/tdk/webapps/mag/img/headlines polaroidsarchiv_de.gif
2001.08.28 15:13 B C:\Eigene Dateien\flyer\headlines\polaroidsarchiv_en.gif --> bug.fork.de /home/java/tdk/webapps/mag/img/headlines polaroidsarchiv_en.gif
2001.08.28 15:13 B C:\Eigene Dateien\flyer\headlines\praesentiert_de.gif --> bug.fork.de /home/java/tdk/webapps/mag/img/headlines praesentiert_de.gif
2001.08.28 15:13 B C:\Eigene Dateien\flyer\headlines\praesentiert_en.gif --> bug.fork.de /home/java/tdk/webapps/mag/img/headlines praesentiert_en.gif
2001.08.28 15:13 B C:\Eigene Dateien\flyer\headlines\pressespiegel_de.gif --> bug.fork.de /home/java/tdk/webapps/mag/img/headlines pressespiegel_de.gif
2001.08.28 15:13 B C:\Eigene Dateien\flyer\headlines\pressespiegel_en.gif --> bug.fork.de /home/java/tdk/webapps/mag/img/headlines pressespiegel_en.gif
2001.08.28 15:13 B C:\Eigene Dateien\flyer\headlines\private-events_de.gif --> bug.fork.de /home/java/tdk/webapps/mag/img/headlines private-events_de.gif
2001.08.28 15:13 B C:\Eigene Dateien\flyer\headlines\privatee-events_en.gif --> bug.fork.de /home/java/tdk/webapps/mag/img/headlines privatee-events_en.gif
2001.08.28 15:13 B C:\Eigene Dateien\flyer\headlines\privateevents_de.gif --> bug.fork.de /home/java/tdk/webapps/mag/img/headlines privateevents_de.gif
2001.08.28 15:13 B C:\Eigene Dateien\flyer\headlines\privateevents_en.gif --> bug.fork.de /home/java/tdk/webapps/mag/img/headlines privateevents_en.gif
2001.08.28 15:13 B C:\Eigene Dateien\flyer\headlines\profil_de.gif --> bug.fork.de /home/java/tdk/webapps/mag/img/headlines profil_de.gif
2001.08.28 15:13 B C:\Eigene Dateien\flyer\headlines\profil_en.gif --> bug.fork.de /home/java/tdk/webapps/mag/img/headlines profil_en.gif
2001.08.28 15:13 B C:\Eigene Dateien\flyer\headlines\reisen_de.gif --> bug.fork.de /home/java/tdk/webapps/mag/img/headlines reisen_de.gif
2001.08.28 15:13 B C:\Eigene Dateien\flyer\headlines\reisen_en.gif --> bug.fork.de /home/java/tdk/webapps/mag/img/headlines reisen_en.gif
2001.08.28 15:13 B C:\Eigene Dateien\flyer\headlines\samstag_de.gif --> bug.fork.de /home/java/tdk/webapps/mag/img/headlines samstag_de.gif
2001.08.28 15:13 B C:\Eigene Dateien\flyer\headlines\samstag_en.gif --> bug.fork.de /home/java/tdk/webapps/mag/img/headlines samstag_en.gif
2001.08.28 15:13 B C:\Eigene Dateien\flyer\headlines\schnellkontakt_de.gif --> bug.fork.de /home/java/tdk/webapps/mag/img/headlines schnellkontakt_de.gif
2001.08.28 15:13 B C:\Eigene Dateien\flyer\headlines\schnellkontakt_en.gif --> bug.fork.de /home/java/tdk/webapps/mag/img/headlines schnellkontakt_en.gif
2001.08.28 15:13 B C:\Eigene Dateien\flyer\headlines\shopping_de.gif --> bug.fork.de /home/java/tdk/webapps/mag/img/headlines shopping_de.gif
2001.08.28 15:13 B C:\Eigene Dateien\flyer\headlines\shopping_en.gif --> bug.fork.de /home/java/tdk/webapps/mag/img/headlines shopping_en.gif
2001.08.28 15:13 B C:\Eigene Dateien\flyer\headlines\sonntag_de.gif --> bug.fork.de /home/java/tdk/webapps/mag/img/headlines sonntag_de.gif
2001.08.28 15:13 B C:\Eigene Dateien\flyer\headlines\sonntag_en.gif --> bug.fork.de /home/java/tdk/webapps/mag/img/headlines sonntag_en.gif
2001.08.28 15:13 B C:\Eigene Dateien\flyer\headlines\spezial_de.gif --> bug.fork.de /home/java/tdk/webapps/mag/img/headlines spezial_de.gif
2001.08.28 15:13 B C:\Eigene Dateien\flyer\headlines\spezial_en.gif --> bug.fork.de /home/java/tdk/webapps/mag/img/headlines spezial_en.gif
2001.08.28 15:13 B C:\Eigene Dateien\flyer\headlines\spiele_de.gif --> bug.fork.de /home/java/tdk/webapps/mag/img/headlines spiele_de.gif
2001.08.28 15:13 B C:\Eigene Dateien\flyer\headlines\spiele_en.gif --> bug.fork.de /home/java/tdk/webapps/mag/img/headlines spiele_en.gif
2001.08.28 15:13 B C:\Eigene Dateien\flyer\headlines\suchbegriff_de.gif --> bug.fork.de /home/java/tdk/webapps/mag/img/headlines suchbegriff_de.gif
2001.08.28 15:13 B C:\Eigene Dateien\flyer\headlines\suchbegriff_en.gif --> bug.fork.de /home/java/tdk/webapps/mag/img/headlines suchbegriff_en.gif
2001.08.28 15:13 B C:\Eigene Dateien\flyer\headlines\suchenach_de.gif --> bug.fork.de /home/java/tdk/webapps/mag/img/headlines suchenach_de.gif
2001.08.28 15:13 B C:\Eigene Dateien\flyer\headlines\suchenach_en.gif --> bug.fork.de /home/java/tdk/webapps/mag/img/headlines suchenach_en.gif
2001.08.28 15:13 B C:\Eigene Dateien\flyer\headlines\tag_de.gif --> bug.fork.de /home/java/tdk/webapps/mag/img/headlines tag_de.gif
2001.08.28 15:13 B C:\Eigene Dateien\flyer\headlines\tag_en.gif --> bug.fork.de /home/java/tdk/webapps/mag/img/headlines tag_en.gif
2001.08.28 15:13 B C:\Eigene Dateien\flyer\headlines\theater_de.gif --> bug.fork.de /home/java/tdk/webapps/mag/img/headlines theater_de.gif
2001.08.28 15:13 B C:\Eigene Dateien\flyer\headlines\theater_en.gif --> bug.fork.de /home/java/tdk/webapps/mag/img/headlines theater_en.gif
2001.08.28 15:13 B C:\Eigene Dateien\flyer\headlines\themen_de.gif --> bug.fork.de /home/java/tdk/webapps/mag/img/headlines themen_de.gif
2001.08.28 15:13 B C:\Eigene Dateien\flyer\headlines\themen_en.gif --> bug.fork.de /home/java/tdk/webapps/mag/img/headlines themen_en.gif
2001.08.28 15:13 B C:\Eigene Dateien\flyer\headlines\titelstory_de.gif --> bug.fork.de /home/java/tdk/webapps/mag/img/headlines titelstory_de.gif
2001.08.28 15:13 B C:\Eigene Dateien\flyer\headlines\titelstory_en.gif --> bug.fork.de /home/java/tdk/webapps/mag/img/headlines titelstory_en.gif
2001.08.28 15:13 B C:\Eigene Dateien\flyer\headlines\tontraeger_de.gif --> bug.fork.de /home/java/tdk/webapps/mag/img/headlines tontraeger_de.gif
2001.08.28 15:13 B C:\Eigene Dateien\flyer\headlines\tontraeger_en.gif --> bug.fork.de /home/java/tdk/webapps/mag/img/headlines tontraeger_en.gif
2001.08.28 15:13 B C:\Eigene Dateien\flyer\headlines\tragdeinen_de.gif --> bug.fork.de /home/java/tdk/webapps/mag/img/headlines tragdeinen_de.gif
2001.08.28 15:13 B C:\Eigene Dateien\flyer\headlines\tragdeinen_en.gif --> bug.fork.de /home/java/tdk/webapps/mag/img/headlines tragdeinen_en.gif
2001.08.28 15:13 B C:\Eigene Dateien\flyer\headlines\tragteure_de.gif --> bug.fork.de /home/java/tdk/webapps/mag/img/headlines tragteure_de.gif
2001.08.28 15:13 B C:\Eigene Dateien\flyer\headlines\tragteure_en.gif --> bug.fork.de /home/java/tdk/webapps/mag/img/headlines tragteure_en.gif
2001.08.28 15:13 B C:\Eigene Dateien\flyer\headlines\typundstil_de.gif --> bug.fork.de /home/java/tdk/webapps/mag/img/headlines typundstil_de.gif
2001.08.28 15:13 B C:\Eigene Dateien\flyer\headlines\typundstil_en.gif --> bug.fork.de /home/java/tdk/webapps/mag/img/headlines typundstil_en.gif
2001.08.28 15:13 B C:\Eigene Dateien\flyer\headlines\uberuns_de.gif --> bug.fork.de /home/java/tdk/webapps/mag/img/headlines uberuns_de.gif
2001.08.28 15:13 B C:\Eigene Dateien\flyer\headlines\uberuns_en.gif --> bug.fork.de /home/java/tdk/webapps/mag/img/headlines uberuns_en.gif
2001.08.28 15:13 B C:\Eigene Dateien\flyer\headlines\uebermorgen_de.gif --> bug.fork.de /home/java/tdk/webapps/mag/img/headlines uebermorgen_de.gif
2001.08.28 15:13 B C:\Eigene Dateien\flyer\headlines\uebermorgen_en.gif --> bug.fork.de /home/java/tdk/webapps/mag/img/headlines uebermorgen_en.gif
2001.08.28 15:13 B C:\Eigene Dateien\flyer\headlines\ueberuns_de.gif --> bug.fork.de /home/java/tdk/webapps/mag/img/headlines ueberuns_de.gif
2001.08.28 15:13 B C:\Eigene Dateien\flyer\headlines\ueberuns_en.gif --> bug.fork.de /home/java/tdk/webapps/mag/img/headlines ueberuns_en.gif
2001.08.28 15:13 B C:\Eigene Dateien\flyer\headlines\ultrasearch_de.gif --> bug.fork.de /home/java/tdk/webapps/mag/img/headlines ultrasearch_de.gif
2001.08.28 15:13 B C:\Eigene Dateien\flyer\headlines\ultrasearch_en.gif --> bug.fork.de /home/java/tdk/webapps/mag/img/headlines ultrasearch_en.gif
2001.08.28 15:13 B C:\Eigene Dateien\flyer\headlines\veranstaltungsorte_de.gif --> bug.fork.de /home/java/tdk/webapps/mag/img/headlines veranstaltungsorte_de.gif
2001.08.28 15:13 B C:\Eigene Dateien\flyer\headlines\veranstaltungsorte_en.gif --> bug.fork.de /home/java/tdk/webapps/mag/img/headlines veranstaltungsorte_en.gif
2001.08.28 15:13 B C:\Eigene Dateien\flyer\headlines\vinyl_de.gif --> bug.fork.de /home/java/tdk/webapps/mag/img/headlines vinyl_de.gif
2001.08.28 15:13 B C:\Eigene Dateien\flyer\headlines\vinyl_en.gif --> bug.fork.de /home/java/tdk/webapps/mag/img/headlines vinyl_en.gif
2001.08.28 15:13 B C:\Eigene Dateien\flyer\headlines\wiehinkommen_de.gif --> bug.fork.de /home/java/tdk/webapps/mag/img/headlines wiehinkommen_de.gif
2001.08.28 15:13 B C:\Eigene Dateien\flyer\headlines\wiehinkommen_en.gif --> bug.fork.de /home/java/tdk/webapps/mag/img/headlines wiehinkommen_en.gif
2001.08.28 15:13 B C:\Eigene Dateien\flyer\headlines\wogehtslang_de.gif --> bug.fork.de /home/java/tdk/webapps/mag/img/headlines wogehtslang_de.gif
2001.08.28 15:13 B C:\Eigene Dateien\flyer\headlines\wogehtslang_en.gif --> bug.fork.de /home/java/tdk/webapps/mag/img/headlines wogehtslang_en.gif
2001.08.28 15:13 B C:\Eigene Dateien\flyer\headlines\WS_FTP.LOG --> bug.fork.de /home/java/tdk/webapps/mag/img/headlines WS_FTP.LOG
2001.08.28 15:13 B C:\Eigene Dateien\flyer\headlines\zoom_de.gif --> bug.fork.de /home/java/tdk/webapps/mag/img/headlines zoom_de.gif
2001.08.28 15:13 B C:\Eigene Dateien\flyer\headlines\zoom_en.gif --> bug.fork.de /home/java/tdk/webapps/mag/img/headlines zoom_en.gif
2001.08.28 15:20 B C:\Eigene Dateien\flyer\headlines\10_weitereinfos_de.gif --> bug.fork.de /home/java/tdk/webapps/mag/img/headlines 10_weitereinfos_de.gif
2001.08.28 15:20 B C:\Eigene Dateien\flyer\headlines\10_weitereinfos_en.gif --> bug.fork.de /home/java/tdk/webapps/mag/img/headlines 10_weitereinfos_en.gif
2001.08.28 15:20 B C:\Eigene Dateien\flyer\headlines\1_betreff_de.gif --> bug.fork.de /home/java/tdk/webapps/mag/img/headlines 1_betreff_de.gif
2001.08.28 15:20 B C:\Eigene Dateien\flyer\headlines\1_betreff_en.gif --> bug.fork.de /home/java/tdk/webapps/mag/img/headlines 1_betreff_en.gif
2001.08.28 15:20 B C:\Eigene Dateien\flyer\headlines\1_datum_de.gif --> bug.fork.de /home/java/tdk/webapps/mag/img/headlines 1_datum_de.gif
2001.08.28 15:20 B C:\Eigene Dateien\flyer\headlines\1_datum_en.gif --> bug.fork.de /home/java/tdk/webapps/mag/img/headlines 1_datum_en.gif
2001.08.28 15:20 B C:\Eigene Dateien\flyer\headlines\1_locationtyp_de.gif --> bug.fork.de /home/java/tdk/webapps/mag/img/headlines 1_locationtyp_de.gif
2001.08.28 15:20 B C:\Eigene Dateien\flyer\headlines\1_locationtyp_en.gif --> bug.fork.de /home/java/tdk/webapps/mag/img/headlines 1_locationtyp_en.gif
2001.08.28 15:20 B C:\Eigene Dateien\flyer\headlines\1_name_de.gif --> bug.fork.de /home/java/tdk/webapps/mag/img/headlines 1_name_de.gif
2001.08.28 15:20 B C:\Eigene Dateien\flyer\headlines\1_name_en.gif --> bug.fork.de /home/java/tdk/webapps/mag/img/headlines 1_name_en.gif
2001.08.28 15:20 B C:\Eigene Dateien\flyer\headlines\1_nameveran_de.gif --> bug.fork.de /home/java/tdk/webapps/mag/img/headlines 1_nameveran_de.gif
2001.08.28 15:20 B C:\Eigene Dateien\flyer\headlines\1_nameveran_en.gif --> bug.fork.de /home/java/tdk/webapps/mag/img/headlines 1_nameveran_en.gif
2001.08.28 15:20 B C:\Eigene Dateien\flyer\headlines\1_quicknavmag_de.gif --> bug.fork.de /home/java/tdk/webapps/mag/img/headlines 1_quicknavmag_de.gif
2001.08.28 15:20 B C:\Eigene Dateien\flyer\headlines\1_quicknavmag_en.gif --> bug.fork.de /home/java/tdk/webapps/mag/img/headlines 1_quicknavmag_en.gif
2001.08.28 15:20 B C:\Eigene Dateien\flyer\headlines\2_alphabet_de.gif --> bug.fork.de /home/java/tdk/webapps/mag/img/headlines 2_alphabet_de.gif
2001.08.28 15:20 B C:\Eigene Dateien\flyer\headlines\2_alphabet_en.gif --> bug.fork.de /home/java/tdk/webapps/mag/img/headlines 2_alphabet_en.gif
2001.08.28 15:20 B C:\Eigene Dateien\flyer\headlines\2_datum_de.gif --> bug.fork.de /home/java/tdk/webapps/mag/img/headlines 2_datum_de.gif
2001.08.28 15:20 B C:\Eigene Dateien\flyer\headlines\2_datum_en.gif --> bug.fork.de /home/java/tdk/webapps/mag/img/headlines 2_datum_en.gif
2001.08.28 15:20 B C:\Eigene Dateien\flyer\headlines\2_email_de.gif --> bug.fork.de /home/java/tdk/webapps/mag/img/headlines 2_email_de.gif
2001.08.28 15:20 B C:\Eigene Dateien\flyer\headlines\2_email_en.gif --> bug.fork.de /home/java/tdk/webapps/mag/img/headlines 2_email_en.gif
2001.08.28 15:20 B C:\Eigene Dateien\flyer\headlines\2_eventtyp_de.gif --> bug.fork.de /home/java/tdk/webapps/mag/img/headlines 2_eventtyp_de.gif
2001.08.28 15:20 B C:\Eigene Dateien\flyer\headlines\2_eventtyp_en.gif --> bug.fork.de /home/java/tdk/webapps/mag/img/headlines 2_eventtyp_en.gif
2001.08.28 15:20 B C:\Eigene Dateien\flyer\headlines\2_stilrichtung_de.gif --> bug.fork.de /home/java/tdk/webapps/mag/img/headlines 2_stilrichtung_de.gif
2001.08.28 15:20 B C:\Eigene Dateien\flyer\headlines\2_stilrichtung_en.gif --> bug.fork.de /home/java/tdk/webapps/mag/img/headlines 2_stilrichtung_en.gif
2001.08.28 15:20 B C:\Eigene Dateien\flyer\headlines\3_region_de.gif --> bug.fork.de /home/java/tdk/webapps/mag/img/headlines 3_region_de.gif
2001.08.28 15:20 B C:\Eigene Dateien\flyer\headlines\3_region_en.gif --> bug.fork.de /home/java/tdk/webapps/mag/img/headlines 3_region_en.gif
2001.08.28 15:20 B C:\Eigene Dateien\flyer\headlines\3_stadtteil_de.gif --> bug.fork.de /home/java/tdk/webapps/mag/img/headlines 3_stadtteil_de.gif
2001.08.28 15:20 B C:\Eigene Dateien\flyer\headlines\3_stadtteil_en.gif --> bug.fork.de /home/java/tdk/webapps/mag/img/headlines 3_stadtteil_en.gif
2001.08.28 15:20 B C:\Eigene Dateien\flyer\headlines\3_stilrichtung_de.gif --> bug.fork.de /home/java/tdk/webapps/mag/img/headlines 3_stilrichtung_de.gif
2001.08.28 15:20 B C:\Eigene Dateien\flyer\headlines\3_stilrichtung_en.gif --> bug.fork.de /home/java/tdk/webapps/mag/img/headlines 3_stilrichtung_en.gif
2001.08.28 15:20 B C:\Eigene Dateien\flyer\headlines\3_website_de.gif --> bug.fork.de /home/java/tdk/webapps/mag/img/headlines 3_website_de.gif
2001.08.28 15:20 B C:\Eigene Dateien\flyer\headlines\3_website_en.gif --> bug.fork.de /home/java/tdk/webapps/mag/img/headlines 3_website_en.gif
2001.08.28 15:20 B C:\Eigene Dateien\flyer\headlines\4_alphabet_de.gif --> bug.fork.de /home/java/tdk/webapps/mag/img/headlines 4_alphabet_de.gif
2001.08.28 15:20 B C:\Eigene Dateien\flyer\headlines\4_alphabet_en.gif --> bug.fork.de /home/java/tdk/webapps/mag/img/headlines 4_alphabet_en.gif
2001.08.28 15:20 B C:\Eigene Dateien\flyer\headlines\4_stadt_de.gif --> bug.fork.de /home/java/tdk/webapps/mag/img/headlines 4_stadt_de.gif
2001.08.28 15:20 B C:\Eigene Dateien\flyer\headlines\4_stadt_en.gif --> bug.fork.de /home/java/tdk/webapps/mag/img/headlines 4_stadt_en.gif
2001.08.28 15:20 B C:\Eigene Dateien\flyer\headlines\4_suchebegriff_de.gif --> bug.fork.de /home/java/tdk/webapps/mag/img/headlines 4_suchebegriff_de.gif
2001.08.28 15:20 B C:\Eigene Dateien\flyer\headlines\4_suchebegriff_en.gif --> bug.fork.de /home/java/tdk/webapps/mag/img/headlines 4_suchebegriff_en.gif
2001.08.28 15:20 B C:\Eigene Dateien\flyer\headlines\5_flyer_de.gif --> bug.fork.de /home/java/tdk/webapps/mag/img/headlines 5_flyer_de.gif
2001.08.28 15:20 B C:\Eigene Dateien\flyer\headlines\5_flyer_en.gif --> bug.fork.de /home/java/tdk/webapps/mag/img/headlines 5_flyer_en.gif
2001.08.28 15:20 B C:\Eigene Dateien\flyer\headlines\5_zeit_de.gif --> bug.fork.de /home/java/tdk/webapps/mag/img/headlines 5_zeit_de.gif
2001.08.28 15:20 B C:\Eigene Dateien\flyer\headlines\5_zeit_en.gif --> bug.fork.de /home/java/tdk/webapps/mag/img/headlines 5_zeit_en.gif
2001.08.28 15:20 B C:\Eigene Dateien\flyer\headlines\6_kommentar_de.gif --> bug.fork.de /home/java/tdk/webapps/mag/img/headlines 6_kommentar_de.gif
2001.08.28 15:20 B C:\Eigene Dateien\flyer\headlines\6_kommentar_en.gif --> bug.fork.de /home/java/tdk/webapps/mag/img/headlines 6_kommentar_en.gif
2001.08.28 15:20 B C:\Eigene Dateien\flyer\headlines\6_location_de.gif --> bug.fork.de /home/java/tdk/webapps/mag/img/headlines 6_location_de.gif
2001.08.28 15:20 B C:\Eigene Dateien\flyer\headlines\6_location_en.gif --> bug.fork.de /home/java/tdk/webapps/mag/img/headlines 6_location_en.gif
2001.08.28 15:20 B C:\Eigene Dateien\flyer\headlines\7_stilrichtung_de.gif --> bug.fork.de /home/java/tdk/webapps/mag/img/headlines 7_stilrichtung_de.gif
2001.08.28 15:20 B C:\Eigene Dateien\flyer\headlines\7_stilrichtung_en.gif --> bug.fork.de /home/java/tdk/webapps/mag/img/headlines 7_stilrichtung_en.gif
2001.08.28 15:20 B C:\Eigene Dateien\flyer\headlines\8_djliveband_de.gif --> bug.fork.de /home/java/tdk/webapps/mag/img/headlines 8_djliveband_de.gif
2001.08.28 15:20 B C:\Eigene Dateien\flyer\headlines\8_djliveband_en.gif --> bug.fork.de /home/java/tdk/webapps/mag/img/headlines 8_djliveband_en.gif
2001.08.28 15:20 B C:\Eigene Dateien\flyer\headlines\9_email_de.gif --> bug.fork.de /home/java/tdk/webapps/mag/img/headlines 9_email_de.gif
2001.08.28 15:20 B C:\Eigene Dateien\flyer\headlines\9_email_en.gif --> bug.fork.de /home/java/tdk/webapps/mag/img/headlines 9_email_en.gif
2001.08.28 15:20 B C:\Eigene Dateien\flyer\headlines\andere_de.gif --> bug.fork.de /home/java/tdk/webapps/mag/img/headlines andere_de.gif
2001.08.28 15:20 B C:\Eigene Dateien\flyer\headlines\andere_en.gif --> bug.fork.de /home/java/tdk/webapps/mag/img/headlines andere_en.gif
2001.08.28 15:20 B C:\Eigene Dateien\flyer\headlines\archivsuche_de.gif --> bug.fork.de /home/java/tdk/webapps/mag/img/headlines archivsuche_de.gif
2001.08.28 15:20 B C:\Eigene Dateien\flyer\headlines\archivsuche_en.gif --> bug.fork.de /home/java/tdk/webapps/mag/img/headlines archivsuche_en.gif
2001.08.28 15:20 B C:\Eigene Dateien\flyer\headlines\artikel_de.gif --> bug.fork.de /home/java/tdk/webapps/mag/img/headlines artikel_de.gif
2001.08.28 15:20 B C:\Eigene Dateien\flyer\headlines\artikel_en.gif --> bug.fork.de /home/java/tdk/webapps/mag/img/headlines artikel_en.gif
2001.08.28 15:20 B C:\Eigene Dateien\flyer\headlines\ausstellungen_de.gif --> bug.fork.de /home/java/tdk/webapps/mag/img/headlines ausstellungen_de.gif
2001.08.28 15:20 B C:\Eigene Dateien\flyer\headlines\ausstellungen_en.gif --> bug.fork.de /home/java/tdk/webapps/mag/img/headlines ausstellungen_en.gif
2001.08.28 15:20 B C:\Eigene Dateien\flyer\headlines\beschreibung_de.gif --> bug.fork.de /home/java/tdk/webapps/mag/img/headlines beschreibung_de.gif
2001.08.28 15:20 B C:\Eigene Dateien\flyer\headlines\beschreibung_en.gif --> bug.fork.de /home/java/tdk/webapps/mag/img/headlines beschreibung_en.gif
2001.08.28 15:20 B C:\Eigene Dateien\flyer\headlines\besprechungen_de.gif --> bug.fork.de /home/java/tdk/webapps/mag/img/headlines besprechungen_de.gif
2001.08.28 15:20 B C:\Eigene Dateien\flyer\headlines\besprechungen_en.gif --> bug.fork.de /home/java/tdk/webapps/mag/img/headlines besprechungen_en.gif
2001.08.28 15:20 B C:\Eigene Dateien\flyer\headlines\bestellnewsletter_de.gif --> bug.fork.de /home/java/tdk/webapps/mag/img/headlines bestellnewsletter_de.gif
2001.08.28 15:20 B C:\Eigene Dateien\flyer\headlines\bestellnewsletter_en.gif --> bug.fork.de /home/java/tdk/webapps/mag/img/headlines bestellnewsletter_en.gif
2001.08.28 15:20 B C:\Eigene Dateien\flyer\headlines\buecher_de.gif --> bug.fork.de /home/java/tdk/webapps/mag/img/headlines buecher_de.gif
2001.08.28 15:20 B C:\Eigene Dateien\flyer\headlines\buecher_en.gif --> bug.fork.de /home/java/tdk/webapps/mag/img/headlines buecher_en.gif
2001.08.28 15:20 B C:\Eigene Dateien\flyer\headlines\buehne_de.gif --> bug.fork.de /home/java/tdk/webapps/mag/img/headlines buehne_de.gif
2001.08.28 15:20 B C:\Eigene Dateien\flyer\headlines\buehne_en.gif --> bug.fork.de /home/java/tdk/webapps/mag/img/headlines buehne_en.gif
2001.08.28 15:20 B C:\Eigene Dateien\flyer\headlines\cds_de.gif --> bug.fork.de /home/java/tdk/webapps/mag/img/headlines cds_de.gif
2001.08.28 15:20 B C:\Eigene Dateien\flyer\headlines\cds_en.gif --> bug.fork.de /home/java/tdk/webapps/mag/img/headlines cds_en.gif
2001.08.28 15:20 B C:\Eigene Dateien\flyer\headlines\cityselector_de.gif --> bug.fork.de /home/java/tdk/webapps/mag/img/headlines cityselector_de.gif
2001.08.28 15:20 B C:\Eigene Dateien\flyer\headlines\cityselector_en.gif --> bug.fork.de /home/java/tdk/webapps/mag/img/headlines cityselector_en.gif
2001.08.28 15:20 B C:\Eigene Dateien\flyer\headlines\clubsundbars_de.gif --> bug.fork.de /home/java/tdk/webapps/mag/img/headlines clubsundbars_de.gif
2001.08.28 15:20 B C:\Eigene Dateien\flyer\headlines\clubsundbars_en.gif --> bug.fork.de /home/java/tdk/webapps/mag/img/headlines clubsundbars_en.gif
2001.08.28 15:20 B C:\Eigene Dateien\flyer\headlines\coverstory_de.gif --> bug.fork.de /home/java/tdk/webapps/mag/img/headlines coverstory_de.gif
2001.08.28 15:20 B C:\Eigene Dateien\flyer\headlines\coverstory_en.gif --> bug.fork.de /home/java/tdk/webapps/mag/img/headlines coverstory_en.gif
2001.08.28 15:20 B C:\Eigene Dateien\flyer\headlines\datum_de.gif --> bug.fork.de /home/java/tdk/webapps/mag/img/headlines datum_de.gif
2001.08.28 15:20 B C:\Eigene Dateien\flyer\headlines\datum_en.gif --> bug.fork.de /home/java/tdk/webapps/mag/img/headlines datum_en.gif
2001.08.28 15:20 B C:\Eigene Dateien\flyer\headlines\dienstag_de.gif --> bug.fork.de /home/java/tdk/webapps/mag/img/headlines dienstag_de.gif
2001.08.28 15:20 B C:\Eigene Dateien\flyer\headlines\dienstag_en.gif --> bug.fork.de /home/java/tdk/webapps/mag/img/headlines dienstag_en.gif
2001.08.28 15:20 B C:\Eigene Dateien\flyer\headlines\donnerstag_de.gif --> bug.fork.de /home/java/tdk/webapps/mag/img/headlines donnerstag_de.gif
2001.08.28 15:20 B C:\Eigene Dateien\flyer\headlines\donnerstag_en.gif --> bug.fork.de /home/java/tdk/webapps/mag/img/headlines donnerstag_en.gif
2001.08.28 15:20 B C:\Eigene Dateien\flyer\headlines\dummy_big.gif --> bug.fork.de /home/java/tdk/webapps/mag/img/headlines dummy_big.gif
2001.08.28 15:20 B C:\Eigene Dateien\flyer\headlines\dummy_small.gif --> bug.fork.de /home/java/tdk/webapps/mag/img/headlines dummy_small.gif
2001.08.28 15:20 B C:\Eigene Dateien\flyer\headlines\ecards_de.gif --> bug.fork.de /home/java/tdk/webapps/mag/img/headlines ecards_de.gif
2001.08.28 15:20 B C:\Eigene Dateien\flyer\headlines\ecards_en.gif --> bug.fork.de /home/java/tdk/webapps/mag/img/headlines ecards_en.gif
2001.08.28 15:20 B C:\Eigene Dateien\flyer\headlines\eintragverfassen_de.gif --> bug.fork.de /home/java/tdk/webapps/mag/img/headlines eintragverfassen_de.gif
2001.08.28 15:20 B C:\Eigene Dateien\flyer\headlines\eintragverfassen_en.gif --> bug.fork.de /home/java/tdk/webapps/mag/img/headlines eintragverfassen_en.gif
2001.08.28 15:20 B C:\Eigene Dateien\flyer\headlines\essenundtrinken_de.gif --> bug.fork.de /home/java/tdk/webapps/mag/img/headlines essenundtrinken_de.gif
2001.08.28 15:20 B C:\Eigene Dateien\flyer\headlines\essenundtrinken_en.gif --> bug.fork.de /home/java/tdk/webapps/mag/img/headlines essenundtrinken_en.gif
2001.08.28 15:20 B C:\Eigene Dateien\flyer\headlines\eurepartydates_de.gif --> bug.fork.de /home/java/tdk/webapps/mag/img/headlines eurepartydates_de.gif
2001.08.28 15:20 B C:\Eigene Dateien\flyer\headlines\eurepartydates_en.gif --> bug.fork.de /home/java/tdk/webapps/mag/img/headlines eurepartydates_en.gif
2001.08.28 15:20 B C:\Eigene Dateien\flyer\headlines\event_de.gif --> bug.fork.de /home/java/tdk/webapps/mag/img/headlines event_de.gif
2001.08.28 15:20 B C:\Eigene Dateien\flyer\headlines\event_en.gif --> bug.fork.de /home/java/tdk/webapps/mag/img/headlines event_en.gif
2001.08.28 15:20 B C:\Eigene Dateien\flyer\headlines\events_de.gif --> bug.fork.de /home/java/tdk/webapps/mag/img/headlines events_de.gif
2001.08.28 15:20 B C:\Eigene Dateien\flyer\headlines\events_en.gif --> bug.fork.de /home/java/tdk/webapps/mag/img/headlines events_en.gif
2001.08.28 15:20 B C:\Eigene Dateien\flyer\headlines\eventssuche_de.gif --> bug.fork.de /home/java/tdk/webapps/mag/img/headlines eventssuche_de.gif
2001.08.28 15:20 B C:\Eigene Dateien\flyer\headlines\eventssuche_en.gif --> bug.fork.de /home/java/tdk/webapps/mag/img/headlines eventssuche_en.gif
2001.08.28 15:20 B C:\Eigene Dateien\flyer\headlines\featlocations_de.gif --> bug.fork.de /home/java/tdk/webapps/mag/img/headlines featlocations_de.gif
2001.08.28 15:20 B C:\Eigene Dateien\flyer\headlines\featlocations_en.gif --> bug.fork.de /home/java/tdk/webapps/mag/img/headlines featlocations_en.gif
2001.08.28 15:20 B C:\Eigene Dateien\flyer\headlines\featuredlocation_de.gif --> bug.fork.de /home/java/tdk/webapps/mag/img/headlines featuredlocation_de.gif
2001.08.28 15:20 B C:\Eigene Dateien\flyer\headlines\featuredlocation_en.gif --> bug.fork.de /home/java/tdk/webapps/mag/img/headlines featuredlocation_en.gif
2001.08.28 15:20 B C:\Eigene Dateien\flyer\headlines\filme_de.gif --> bug.fork.de /home/java/tdk/webapps/mag/img/headlines filme_de.gif
2001.08.28 15:20 B C:\Eigene Dateien\flyer\headlines\filme_en.gif --> bug.fork.de /home/java/tdk/webapps/mag/img/headlines filme_en.gif
2001.08.28 15:20 B C:\Eigene Dateien\flyer\headlines\flyerforum_de.gif --> bug.fork.de /home/java/tdk/webapps/mag/img/headlines flyerforum_de.gif
2001.08.28 15:20 B C:\Eigene Dateien\flyer\headlines\flyerforum_en.gif --> bug.fork.de /home/java/tdk/webapps/mag/img/headlines flyerforum_en.gif
2001.08.28 15:20 B C:\Eigene Dateien\flyer\headlines\flyerimpressum_de.gif --> bug.fork.de /home/java/tdk/webapps/mag/img/headlines flyerimpressum_de.gif
2001.08.28 15:20 B C:\Eigene Dateien\flyer\headlines\flyerimpressum_en.gif --> bug.fork.de /home/java/tdk/webapps/mag/img/headlines flyerimpressum_en.gif
2001.08.28 15:20 B C:\Eigene Dateien\flyer\headlines\freitag_de.gif --> bug.fork.de /home/java/tdk/webapps/mag/img/headlines freitag_de.gif
2001.08.28 15:20 B C:\Eigene Dateien\flyer\headlines\freitag_en.gif --> bug.fork.de /home/java/tdk/webapps/mag/img/headlines freitag_en.gif
2001.08.28 15:20 B C:\Eigene Dateien\flyer\headlines\galerien_de.gif --> bug.fork.de /home/java/tdk/webapps/mag/img/headlines galerien_de.gif
2001.08.28 15:20 B C:\Eigene Dateien\flyer\headlines\galerien_en.gif --> bug.fork.de /home/java/tdk/webapps/mag/img/headlines galerien_en.gif
2001.08.28 15:20 B C:\Eigene Dateien\flyer\headlines\gallerienundmuseen_de.gif --> bug.fork.de /home/java/tdk/webapps/mag/img/headlines gallerienundmuseen_de.gif
2001.08.28 15:20 B C:\Eigene Dateien\flyer\headlines\gallerienundmuseen_en.gif --> bug.fork.de /home/java/tdk/webapps/mag/img/headlines gallerienundmuseen_en.gif
2001.08.28 15:20 B C:\Eigene Dateien\flyer\headlines\gesamtesite_de.gif --> bug.fork.de /home/java/tdk/webapps/mag/img/headlines gesamtesite_de.gif
2001.08.28 15:20 B C:\Eigene Dateien\flyer\headlines\gesamtesite_en.gif --> bug.fork.de /home/java/tdk/webapps/mag/img/headlines gesamtesite_en.gif
2001.08.28 15:20 B C:\Eigene Dateien\flyer\headlines\geschichte_de.gif --> bug.fork.de /home/java/tdk/webapps/mag/img/headlines geschichte_de.gif
2001.08.28 15:20 B C:\Eigene Dateien\flyer\headlines\geschichte_en.gif --> bug.fork.de /home/java/tdk/webapps/mag/img/headlines geschichte_en.gif
2001.08.28 15:20 B C:\Eigene Dateien\flyer\headlines\gewinnspiele_de.gif --> bug.fork.de /home/java/tdk/webapps/mag/img/headlines gewinnspiele_de.gif
2001.08.28 15:20 B C:\Eigene Dateien\flyer\headlines\gewinnspiele_en.gif --> bug.fork.de /home/java/tdk/webapps/mag/img/headlines gewinnspiele_en.gif
2001.08.28 15:20 B C:\Eigene Dateien\flyer\headlines\heute_de.gif --> bug.fork.de /home/java/tdk/webapps/mag/img/headlines heute_de.gif
2001.08.28 15:20 B C:\Eigene Dateien\flyer\headlines\heute_en.gif --> bug.fork.de /home/java/tdk/webapps/mag/img/headlines heute_en.gif
2001.08.28 15:20 B C:\Eigene Dateien\flyer\headlines\hiergibtsparties_de.gif --> bug.fork.de /home/java/tdk/webapps/mag/img/headlines hiergibtsparties_de.gif
2001.08.28 15:20 B C:\Eigene Dateien\flyer\headlines\hiergibtsparties_en.gif --> bug.fork.de /home/java/tdk/webapps/mag/img/headlines hiergibtsparties_en.gif
2001.08.28 15:20 B C:\Eigene Dateien\flyer\headlines\impressum_de.gif --> bug.fork.de /home/java/tdk/webapps/mag/img/headlines impressum_de.gif
2001.08.28 15:20 B C:\Eigene Dateien\flyer\headlines\impressum_en.gif --> bug.fork.de /home/java/tdk/webapps/mag/img/headlines impressum_en.gif
2001.08.28 15:20 B C:\Eigene Dateien\flyer\headlines\inevents_de.gif --> bug.fork.de /home/java/tdk/webapps/mag/img/headlines inevents_de.gif
2001.08.28 15:20 B C:\Eigene Dateien\flyer\headlines\inevents_en.gif --> bug.fork.de /home/java/tdk/webapps/mag/img/headlines inevents_en.gif
2001.08.28 15:20 B C:\Eigene Dateien\flyer\headlines\inlocations_de.gif --> bug.fork.de /home/java/tdk/webapps/mag/img/headlines inlocations_de.gif
2001.08.28 15:20 B C:\Eigene Dateien\flyer\headlines\inlocations_en.gif --> bug.fork.de /home/java/tdk/webapps/mag/img/headlines inlocations_en.gif
2001.08.28 15:20 B C:\Eigene Dateien\flyer\headlines\inmagazin_de.gif --> bug.fork.de /home/java/tdk/webapps/mag/img/headlines inmagazin_de.gif
2001.08.28 15:20 B C:\Eigene Dateien\flyer\headlines\inmagazin_en.gif --> bug.fork.de /home/java/tdk/webapps/mag/img/headlines inmagazin_en.gif
2001.08.28 15:20 B C:\Eigene Dateien\flyer\headlines\interviews_de.gif --> bug.fork.de /home/java/tdk/webapps/mag/img/headlines interviews_de.gif
2001.08.28 15:20 B C:\Eigene Dateien\flyer\headlines\interviews_en.gif --> bug.fork.de /home/java/tdk/webapps/mag/img/headlines interviews_en.gif
2001.08.28 15:20 B C:\Eigene Dateien\flyer\headlines\kinos_de.gif --> bug.fork.de /home/java/tdk/webapps/mag/img/headlines kinos_de.gif
2001.08.28 15:20 B C:\Eigene Dateien\flyer\headlines\kinos_en.gif --> bug.fork.de /home/java/tdk/webapps/mag/img/headlines kinos_en.gif
2001.08.28 15:20 B C:\Eigene Dateien\flyer\headlines\kontakt_de.gif --> bug.fork.de /home/java/tdk/webapps/mag/img/headlines kontakt_de.gif
2001.08.28 15:20 B C:\Eigene Dateien\flyer\headlines\kontakt_en.gif --> bug.fork.de /home/java/tdk/webapps/mag/img/headlines kontakt_en.gif
2001.08.28 15:20 B C:\Eigene Dateien\flyer\headlines\konzerte_de.gif --> bug.fork.de /home/java/tdk/webapps/mag/img/headlines konzerte_de.gif
2001.08.28 15:20 B C:\Eigene Dateien\flyer\headlines\konzerte_en.gif --> bug.fork.de /home/java/tdk/webapps/mag/img/headlines konzerte_en.gif
2001.08.28 15:20 B C:\Eigene Dateien\flyer\headlines\location_de.gif --> bug.fork.de /home/java/tdk/webapps/mag/img/headlines location_de.gif
2001.08.28 15:20 B C:\Eigene Dateien\flyer\headlines\location_en.gif --> bug.fork.de /home/java/tdk/webapps/mag/img/headlines location_en.gif
2001.08.28 15:20 B C:\Eigene Dateien\flyer\headlines\locations_de.gif --> bug.fork.de /home/java/tdk/webapps/mag/img/headlines locations_de.gif
2001.08.28 15:20 B C:\Eigene Dateien\flyer\headlines\locations_en.gif --> bug.fork.de /home/java/tdk/webapps/mag/img/headlines locations_en.gif
2001.08.28 15:20 B C:\Eigene Dateien\flyer\headlines\locsuche_de.gif --> bug.fork.de /home/java/tdk/webapps/mag/img/headlines locsuche_de.gif
2001.08.28 15:20 B C:\Eigene Dateien\flyer\headlines\locsuche_en.gif --> bug.fork.de /home/java/tdk/webapps/mag/img/headlines locsuche_en.gif
2001.08.28 15:20 B C:\Eigene Dateien\flyer\headlines\magazin_de.gif --> bug.fork.de /home/java/tdk/webapps/mag/img/headlines magazin_de.gif
2001.08.28 15:20 B C:\Eigene Dateien\flyer\headlines\magazin_en.gif --> bug.fork.de /home/java/tdk/webapps/mag/img/headlines magazin_en.gif
2001.08.28 15:20 B C:\Eigene Dateien\flyer\headlines\magazinsuche_de.gif --> bug.fork.de /home/java/tdk/webapps/mag/img/headlines magazinsuche_de.gif
2001.08.28 15:20 B C:\Eigene Dateien\flyer\headlines\magazinsuche_en.gif --> bug.fork.de /home/java/tdk/webapps/mag/img/headlines magazinsuche_en.gif
2001.08.28 15:20 B C:\Eigene Dateien\flyer\headlines\mehrartikel_de.gif --> bug.fork.de /home/java/tdk/webapps/mag/img/headlines mehrartikel_de.gif
2001.08.28 15:20 B C:\Eigene Dateien\flyer\headlines\mehrartikel_en.gif --> bug.fork.de /home/java/tdk/webapps/mag/img/headlines mehrartikel_en.gif
2001.08.28 15:20 B C:\Eigene Dateien\flyer\headlines\mehrbesprechungen_de.gif --> bug.fork.de /home/java/tdk/webapps/mag/img/headlines mehrbesprechungen_de.gif
2001.08.28 15:20 B C:\Eigene Dateien\flyer\headlines\mehrbesprechungen_en.gif --> bug.fork.de /home/java/tdk/webapps/mag/img/headlines mehrbesprechungen_en.gif
2001.08.28 15:20 B C:\Eigene Dateien\flyer\headlines\mehrbuecher_de.gif --> bug.fork.de /home/java/tdk/webapps/mag/img/headlines mehrbuecher_de.gif
2001.08.28 15:20 B C:\Eigene Dateien\flyer\headlines\mehrbuecher_en.gif --> bug.fork.de /home/java/tdk/webapps/mag/img/headlines mehrbuecher_en.gif
2001.08.28 15:20 B C:\Eigene Dateien\flyer\headlines\mehrcds_de.gif --> bug.fork.de /home/java/tdk/webapps/mag/img/headlines mehrcds_de.gif
2001.08.28 15:20 B C:\Eigene Dateien\flyer\headlines\mehrcds_en.gif --> bug.fork.de /home/java/tdk/webapps/mag/img/headlines mehrcds_en.gif
2001.08.28 15:20 B C:\Eigene Dateien\flyer\headlines\mehrevents_de.gif --> bug.fork.de /home/java/tdk/webapps/mag/img/headlines mehrevents_de.gif
2001.08.28 15:20 B C:\Eigene Dateien\flyer\headlines\mehrevents_en.gif --> bug.fork.de /home/java/tdk/webapps/mag/img/headlines mehrevents_en.gif
2001.08.28 15:20 B C:\Eigene Dateien\flyer\headlines\mehrfilme_de.gif --> bug.fork.de /home/java/tdk/webapps/mag/img/headlines mehrfilme_de.gif
2001.08.28 15:20 B C:\Eigene Dateien\flyer\headlines\mehrfilme_en.gif --> bug.fork.de /home/java/tdk/webapps/mag/img/headlines mehrfilme_en.gif
2001.08.28 15:20 B C:\Eigene Dateien\flyer\headlines\mehrmag_de.gif --> bug.fork.de /home/java/tdk/webapps/mag/img/headlines mehrmag_de.gif
2001.08.28 15:20 B C:\Eigene Dateien\flyer\headlines\mehrmag_en.gif --> bug.fork.de /home/java/tdk/webapps/mag/img/headlines mehrmag_en.gif
2001.08.28 15:20 B C:\Eigene Dateien\flyer\headlines\mehrnews_de.gif --> bug.fork.de /home/java/tdk/webapps/mag/img/headlines mehrnews_de.gif
2001.08.28 15:20 B C:\Eigene Dateien\flyer\headlines\mehrnews_en.gif --> bug.fork.de /home/java/tdk/webapps/mag/img/headlines mehrnews_en.gif
2001.08.28 15:20 B C:\Eigene Dateien\flyer\headlines\mehrreisen_de.gif --> bug.fork.de /home/java/tdk/webapps/mag/img/headlines mehrreisen_de.gif
2001.08.28 15:20 B C:\Eigene Dateien\flyer\headlines\mehrreisen_en.gif --> bug.fork.de /home/java/tdk/webapps/mag/img/headlines mehrreisen_en.gif
2001.08.28 15:20 B C:\Eigene Dateien\flyer\headlines\mehrshopping_de.gif --> bug.fork.de /home/java/tdk/webapps/mag/img/headlines mehrshopping_de.gif
2001.08.28 15:20 B C:\Eigene Dateien\flyer\headlines\mehrshopping_en.gif --> bug.fork.de /home/java/tdk/webapps/mag/img/headlines mehrshopping_en.gif
2001.08.28 15:20 B C:\Eigene Dateien\flyer\headlines\mehrspiele_de.gif --> bug.fork.de /home/java/tdk/webapps/mag/img/headlines mehrspiele_de.gif
2001.08.28 15:20 B C:\Eigene Dateien\flyer\headlines\mehrspiele_en.gif --> bug.fork.de /home/java/tdk/webapps/mag/img/headlines mehrspiele_en.gif
2001.08.28 15:20 B C:\Eigene Dateien\flyer\headlines\mehrtontraeger_de.gif --> bug.fork.de /home/java/tdk/webapps/mag/img/headlines mehrtontraeger_de.gif
2001.08.28 15:20 B C:\Eigene Dateien\flyer\headlines\mehrtontraeger_en.gif --> bug.fork.de /home/java/tdk/webapps/mag/img/headlines mehrtontraeger_en.gif
2001.08.28 15:20 B C:\Eigene Dateien\flyer\headlines\mehrvinyl_de.gif --> bug.fork.de /home/java/tdk/webapps/mag/img/headlines mehrvinyl_de.gif
2001.08.28 15:20 B C:\Eigene Dateien\flyer\headlines\mehrvinyl_en.gif --> bug.fork.de /home/java/tdk/webapps/mag/img/headlines mehrvinyl_en.gif
2001.08.28 15:20 B C:\Eigene Dateien\flyer\headlines\mittwoch_de.gif --> bug.fork.de /home/java/tdk/webapps/mag/img/headlines mittwoch_de.gif
2001.08.28 15:20 B C:\Eigene Dateien\flyer\headlines\mittwoch_en.gif --> bug.fork.de /home/java/tdk/webapps/mag/img/headlines mittwoch_en.gif
2001.08.28 15:20 B C:\Eigene Dateien\flyer\headlines\mode_de.gif --> bug.fork.de /home/java/tdk/webapps/mag/img/headlines mode_de.gif
2001.08.28 15:20 B C:\Eigene Dateien\flyer\headlines\mode_en.gif --> bug.fork.de /home/java/tdk/webapps/mag/img/headlines mode_en.gif
2001.08.28 15:20 B C:\Eigene Dateien\flyer\headlines\monat_de.gif --> bug.fork.de /home/java/tdk/webapps/mag/img/headlines monat_de.gif
2001.08.28 15:20 B C:\Eigene Dateien\flyer\headlines\monat_en.gif --> bug.fork.de /home/java/tdk/webapps/mag/img/headlines monat_en.gif
2001.08.28 15:20 B C:\Eigene Dateien\flyer\headlines\montag_de.gif --> bug.fork.de /home/java/tdk/webapps/mag/img/headlines montag_de.gif
2001.08.28 15:20 B C:\Eigene Dateien\flyer\headlines\montag_en.gif --> bug.fork.de /home/java/tdk/webapps/mag/img/headlines montag_en.gif
2001.08.28 15:20 B C:\Eigene Dateien\flyer\headlines\morgen_de.gif --> bug.fork.de /home/java/tdk/webapps/mag/img/headlines morgen_de.gif
2001.08.28 15:20 B C:\Eigene Dateien\flyer\headlines\morgen_en.gif --> bug.fork.de /home/java/tdk/webapps/mag/img/headlines morgen_en.gif
2001.08.28 15:20 B C:\Eigene Dateien\flyer\headlines\myflyer_de.gif --> bug.fork.de /home/java/tdk/webapps/mag/img/headlines myflyer_de.gif
2001.08.28 15:20 B C:\Eigene Dateien\flyer\headlines\myflyer_en.gif --> bug.fork.de /home/java/tdk/webapps/mag/img/headlines myflyer_en.gif
2001.08.28 15:20 B C:\Eigene Dateien\flyer\headlines\mynotebook_de.gif --> bug.fork.de /home/java/tdk/webapps/mag/img/headlines mynotebook_de.gif
2001.08.28 15:20 B C:\Eigene Dateien\flyer\headlines\mynotebook_en.gif --> bug.fork.de /home/java/tdk/webapps/mag/img/headlines mynotebook_en.gif
2001.08.28 15:20 B C:\Eigene Dateien\flyer\headlines\nachtleben_de.gif --> bug.fork.de /home/java/tdk/webapps/mag/img/headlines nachtleben_de.gif
2001.08.28 15:20 B C:\Eigene Dateien\flyer\headlines\nachtleben_en.gif --> bug.fork.de /home/java/tdk/webapps/mag/img/headlines nachtleben_en.gif
2001.08.28 15:20 B C:\Eigene Dateien\flyer\headlines\nameundadresse_de.gif --> bug.fork.de /home/java/tdk/webapps/mag/img/headlines nameundadresse_de.gif
2001.08.28 15:20 B C:\Eigene Dateien\flyer\headlines\nameundadresse_en.gif --> bug.fork.de /home/java/tdk/webapps/mag/img/headlines nameundadresse_en.gif
2001.08.28 15:20 B C:\Eigene Dateien\flyer\headlines\neuelocations_de.gif --> bug.fork.de /home/java/tdk/webapps/mag/img/headlines neuelocations_de.gif
2001.08.28 15:20 B C:\Eigene Dateien\flyer\headlines\neuelocations_en.gif --> bug.fork.de /home/java/tdk/webapps/mag/img/headlines neuelocations_en.gif
2001.08.28 15:20 B C:\Eigene Dateien\flyer\headlines\neuzugaenge_de.gif --> bug.fork.de /home/java/tdk/webapps/mag/img/headlines neuzugaenge_de.gif
2001.08.28 15:20 B C:\Eigene Dateien\flyer\headlines\neuzugaenge_en.gif --> bug.fork.de /home/java/tdk/webapps/mag/img/headlines neuzugaenge_en.gif
2001.08.28 15:20 B C:\Eigene Dateien\flyer\headlines\news_de.gif --> bug.fork.de /home/java/tdk/webapps/mag/img/headlines news_de.gif
2001.08.28 15:20 B C:\Eigene Dateien\flyer\headlines\news_en.gif --> bug.fork.de /home/java/tdk/webapps/mag/img/headlines news_en.gif
2001.08.28 15:20 B C:\Eigene Dateien\flyer\headlines\newsletter_de.gif --> bug.fork.de /home/java/tdk/webapps/mag/img/headlines newsletter_de.gif
2001.08.28 15:20 B C:\Eigene Dateien\flyer\headlines\newsletter_en.gif --> bug.fork.de /home/java/tdk/webapps/mag/img/headlines newsletter_en.gif
2001.08.28 15:20 B C:\Eigene Dateien\flyer\headlines\polaroids_de.gif --> bug.fork.de /home/java/tdk/webapps/mag/img/headlines polaroids_de.gif
2001.08.28 15:20 B C:\Eigene Dateien\flyer\headlines\polaroids_en.gif --> bug.fork.de /home/java/tdk/webapps/mag/img/headlines polaroids_en.gif
2001.08.28 15:20 B C:\Eigene Dateien\flyer\headlines\polaroidsarchiv_de.gif --> bug.fork.de /home/java/tdk/webapps/mag/img/headlines polaroidsarchiv_de.gif
2001.08.28 15:20 B C:\Eigene Dateien\flyer\headlines\polaroidsarchiv_en.gif --> bug.fork.de /home/java/tdk/webapps/mag/img/headlines polaroidsarchiv_en.gif
2001.08.28 15:20 B C:\Eigene Dateien\flyer\headlines\praesentiert_de.gif --> bug.fork.de /home/java/tdk/webapps/mag/img/headlines praesentiert_de.gif
2001.08.28 15:20 B C:\Eigene Dateien\flyer\headlines\praesentiert_en.gif --> bug.fork.de /home/java/tdk/webapps/mag/img/headlines praesentiert_en.gif
2001.08.28 15:20 B C:\Eigene Dateien\flyer\headlines\pressespiegel_de.gif --> bug.fork.de /home/java/tdk/webapps/mag/img/headlines pressespiegel_de.gif
2001.08.28 15:20 B C:\Eigene Dateien\flyer\headlines\pressespiegel_en.gif --> bug.fork.de /home/java/tdk/webapps/mag/img/headlines pressespiegel_en.gif
2001.08.28 15:20 B C:\Eigene Dateien\flyer\headlines\private-events_de.gif --> bug.fork.de /home/java/tdk/webapps/mag/img/headlines private-events_de.gif
2001.08.28 15:20 B C:\Eigene Dateien\flyer\headlines\privatee-events_en.gif --> bug.fork.de /home/java/tdk/webapps/mag/img/headlines privatee-events_en.gif
2001.08.28 15:20 B C:\Eigene Dateien\flyer\headlines\privateevents_de.gif --> bug.fork.de /home/java/tdk/webapps/mag/img/headlines privateevents_de.gif
2001.08.28 15:20 B C:\Eigene Dateien\flyer\headlines\privateevents_en.gif --> bug.fork.de /home/java/tdk/webapps/mag/img/headlines privateevents_en.gif
2001.08.28 15:20 B C:\Eigene Dateien\flyer\headlines\profil_de.gif --> bug.fork.de /home/java/tdk/webapps/mag/img/headlines profil_de.gif
2001.08.28 15:20 B C:\Eigene Dateien\flyer\headlines\profil_en.gif --> bug.fork.de /home/java/tdk/webapps/mag/img/headlines profil_en.gif
2001.08.28 15:20 B C:\Eigene Dateien\flyer\headlines\reisen_de.gif --> bug.fork.de /home/java/tdk/webapps/mag/img/headlines reisen_de.gif
2001.08.28 15:20 B C:\Eigene Dateien\flyer\headlines\reisen_en.gif --> bug.fork.de /home/java/tdk/webapps/mag/img/headlines reisen_en.gif
2001.08.28 15:20 B C:\Eigene Dateien\flyer\headlines\samstag_de.gif --> bug.fork.de /home/java/tdk/webapps/mag/img/headlines samstag_de.gif
2001.08.28 15:20 B C:\Eigene Dateien\flyer\headlines\samstag_en.gif --> bug.fork.de /home/java/tdk/webapps/mag/img/headlines samstag_en.gif
2001.08.28 15:20 B C:\Eigene Dateien\flyer\headlines\schnellkontakt_de.gif --> bug.fork.de /home/java/tdk/webapps/mag/img/headlines schnellkontakt_de.gif
2001.08.28 15:20 B C:\Eigene Dateien\flyer\headlines\schnellkontakt_en.gif --> bug.fork.de /home/java/tdk/webapps/mag/img/headlines schnellkontakt_en.gif
2001.08.28 15:20 B C:\Eigene Dateien\flyer\headlines\shopping_de.gif --> bug.fork.de /home/java/tdk/webapps/mag/img/headlines shopping_de.gif
2001.08.28 15:20 B C:\Eigene Dateien\flyer\headlines\shopping_en.gif --> bug.fork.de /home/java/tdk/webapps/mag/img/headlines shopping_en.gif
2001.08.28 15:20 B C:\Eigene Dateien\flyer\headlines\sonntag_de.gif --> bug.fork.de /home/java/tdk/webapps/mag/img/headlines sonntag_de.gif
2001.08.28 15:20 B C:\Eigene Dateien\flyer\headlines\sonntag_en.gif --> bug.fork.de /home/java/tdk/webapps/mag/img/headlines sonntag_en.gif
2001.08.28 15:20 B C:\Eigene Dateien\flyer\headlines\spezial_de.gif --> bug.fork.de /home/java/tdk/webapps/mag/img/headlines spezial_de.gif
2001.08.28 15:20 B C:\Eigene Dateien\flyer\headlines\spezial_en.gif --> bug.fork.de /home/java/tdk/webapps/mag/img/headlines spezial_en.gif
2001.08.28 15:20 B C:\Eigene Dateien\flyer\headlines\spiele_de.gif --> bug.fork.de /home/java/tdk/webapps/mag/img/headlines spiele_de.gif
2001.08.28 15:20 B C:\Eigene Dateien\flyer\headlines\spiele_en.gif --> bug.fork.de /home/java/tdk/webapps/mag/img/headlines spiele_en.gif
2001.08.28 15:20 B C:\Eigene Dateien\flyer\headlines\suchbegriff_de.gif --> bug.fork.de /home/java/tdk/webapps/mag/img/headlines suchbegriff_de.gif
2001.08.28 15:20 B C:\Eigene Dateien\flyer\headlines\suchbegriff_en.gif --> bug.fork.de /home/java/tdk/webapps/mag/img/headlines suchbegriff_en.gif
2001.08.28 15:20 B C:\Eigene Dateien\flyer\headlines\suchenach_de.gif --> bug.fork.de /home/java/tdk/webapps/mag/img/headlines suchenach_de.gif
2001.08.28 15:20 B C:\Eigene Dateien\flyer\headlines\suchenach_en.gif --> bug.fork.de /home/java/tdk/webapps/mag/img/headlines suchenach_en.gif
2001.08.28 15:20 B C:\Eigene Dateien\flyer\headlines\tag_de.gif --> bug.fork.de /home/java/tdk/webapps/mag/img/headlines tag_de.gif
2001.08.28 15:20 B C:\Eigene Dateien\flyer\headlines\tag_en.gif --> bug.fork.de /home/java/tdk/webapps/mag/img/headlines tag_en.gif
2001.08.28 15:20 B C:\Eigene Dateien\flyer\headlines\theater_de.gif --> bug.fork.de /home/java/tdk/webapps/mag/img/headlines theater_de.gif
2001.08.28 15:20 B C:\Eigene Dateien\flyer\headlines\theater_en.gif --> bug.fork.de /home/java/tdk/webapps/mag/img/headlines theater_en.gif
2001.08.28 15:20 B C:\Eigene Dateien\flyer\headlines\themen_de.gif --> bug.fork.de /home/java/tdk/webapps/mag/img/headlines themen_de.gif
2001.08.28 15:20 B C:\Eigene Dateien\flyer\headlines\themen_en.gif --> bug.fork.de /home/java/tdk/webapps/mag/img/headlines themen_en.gif
2001.08.28 15:20 B C:\Eigene Dateien\flyer\headlines\titelstory_de.gif --> bug.fork.de /home/java/tdk/webapps/mag/img/headlines titelstory_de.gif
2001.08.28 15:20 B C:\Eigene Dateien\flyer\headlines\titelstory_en.gif --> bug.fork.de /home/java/tdk/webapps/mag/img/headlines titelstory_en.gif
2001.08.28 15:20 B C:\Eigene Dateien\flyer\headlines\tontraeger_de.gif --> bug.fork.de /home/java/tdk/webapps/mag/img/headlines tontraeger_de.gif
2001.08.28 15:20 B C:\Eigene Dateien\flyer\headlines\tontraeger_en.gif --> bug.fork.de /home/java/tdk/webapps/mag/img/headlines tontraeger_en.gif
2001.08.28 15:20 B C:\Eigene Dateien\flyer\headlines\tragdeinen_de.gif --> bug.fork.de /home/java/tdk/webapps/mag/img/headlines tragdeinen_de.gif
2001.08.28 15:20 B C:\Eigene Dateien\flyer\headlines\tragdeinen_en.gif --> bug.fork.de /home/java/tdk/webapps/mag/img/headlines tragdeinen_en.gif
2001.08.28 15:20 B C:\Eigene Dateien\flyer\headlines\tragteure_de.gif --> bug.fork.de /home/java/tdk/webapps/mag/img/headlines tragteure_de.gif
2001.08.28 15:20 B C:\Eigene Dateien\flyer\headlines\tragteure_en.gif --> bug.fork.de /home/java/tdk/webapps/mag/img/headlines tragteure_en.gif
2001.08.28 15:20 B C:\Eigene Dateien\flyer\headlines\typundstil_de.gif --> bug.fork.de /home/java/tdk/webapps/mag/img/headlines typundstil_de.gif
2001.08.28 15:20 B C:\Eigene Dateien\flyer\headlines\typundstil_en.gif --> bug.fork.de /home/java/tdk/webapps/mag/img/headlines typundstil_en.gif
2001.08.28 15:20 B C:\Eigene Dateien\flyer\headlines\uberuns_de.gif --> bug.fork.de /home/java/tdk/webapps/mag/img/headlines uberuns_de.gif
2001.08.28 15:20 B C:\Eigene Dateien\flyer\headlines\uberuns_en.gif --> bug.fork.de /home/java/tdk/webapps/mag/img/headlines uberuns_en.gif
2001.08.28 15:20 B C:\Eigene Dateien\flyer\headlines\uebermorgen_de.gif --> bug.fork.de /home/java/tdk/webapps/mag/img/headlines uebermorgen_de.gif
2001.08.28 15:20 B C:\Eigene Dateien\flyer\headlines\uebermorgen_en.gif --> bug.fork.de /home/java/tdk/webapps/mag/img/headlines uebermorgen_en.gif
2001.08.28 15:20 B C:\Eigene Dateien\flyer\headlines\ueberuns_de.gif --> bug.fork.de /home/java/tdk/webapps/mag/img/headlines ueberuns_de.gif
2001.08.28 15:20 B C:\Eigene Dateien\flyer\headlines\ueberuns_en.gif --> bug.fork.de /home/java/tdk/webapps/mag/img/headlines ueberuns_en.gif
2001.08.28 15:20 B C:\Eigene Dateien\flyer\headlines\ultrasearch_de.gif --> bug.fork.de /home/java/tdk/webapps/mag/img/headlines ultrasearch_de.gif
2001.08.28 15:20 B C:\Eigene Dateien\flyer\headlines\ultrasearch_en.gif --> bug.fork.de /home/java/tdk/webapps/mag/img/headlines ultrasearch_en.gif
2001.08.28 15:20 B C:\Eigene Dateien\flyer\headlines\veranstaltungsorte_de.gif --> bug.fork.de /home/java/tdk/webapps/mag/img/headlines veranstaltungsorte_de.gif
2001.08.28 15:20 B C:\Eigene Dateien\flyer\headlines\veranstaltungsorte_en.gif --> bug.fork.de /home/java/tdk/webapps/mag/img/headlines veranstaltungsorte_en.gif
2001.08.28 15:20 B C:\Eigene Dateien\flyer\headlines\vinyl_de.gif --> bug.fork.de /home/java/tdk/webapps/mag/img/headlines vinyl_de.gif
2001.08.28 15:20 B C:\Eigene Dateien\flyer\headlines\vinyl_en.gif --> bug.fork.de /home/java/tdk/webapps/mag/img/headlines vinyl_en.gif
2001.08.28 15:20 B C:\Eigene Dateien\flyer\headlines\wiehinkommen_de.gif --> bug.fork.de /home/java/tdk/webapps/mag/img/headlines wiehinkommen_de.gif
2001.08.28 15:20 B C:\Eigene Dateien\flyer\headlines\wiehinkommen_en.gif --> bug.fork.de /home/java/tdk/webapps/mag/img/headlines wiehinkommen_en.gif
2001.08.28 15:20 B C:\Eigene Dateien\flyer\headlines\wogehtslang_de.gif --> bug.fork.de /home/java/tdk/webapps/mag/img/headlines wogehtslang_de.gif
2001.08.28 15:20 B C:\Eigene Dateien\flyer\headlines\wogehtslang_en.gif --> bug.fork.de /home/java/tdk/webapps/mag/img/headlines wogehtslang_en.gif
