2001.09.06 12:50 B C:\Eigene Dateien\flyer_newstore\thumbnails\header.gif <-- flyer /home/development/flyer/htdocs/img/thumbnails header.gif
2001.09.06 12:50 B C:\Eigene Dateien\flyer_newstore\thumbnails\header_andere_de.gif <-- flyer /home/development/flyer/htdocs/img/thumbnails header_andere_de.gif
2001.09.06 12:50 B C:\Eigene Dateien\flyer_newstore\thumbnails\header_andere_en.gif <-- flyer /home/development/flyer/htdocs/img/thumbnails header_andere_en.gif
2001.09.06 12:50 B C:\Eigene Dateien\flyer_newstore\thumbnails\header_artikel_de.gif <-- flyer /home/development/flyer/htdocs/img/thumbnails header_artikel_de.gif
2001.09.06 12:50 B C:\Eigene Dateien\flyer_newstore\thumbnails\header_artikel_en.gif <-- flyer /home/development/flyer/htdocs/img/thumbnails header_artikel_en.gif
2001.09.06 12:50 B C:\Eigene Dateien\flyer_newstore\thumbnails\header_austellungen_de.gif <-- flyer /home/development/flyer/htdocs/img/thumbnails header_austellungen_de.gif
2001.09.06 12:50 B C:\Eigene Dateien\flyer_newstore\thumbnails\header_austellungen_en.gif <-- flyer /home/development/flyer/htdocs/img/thumbnails header_austellungen_en.gif
2001.09.06 12:50 B C:\Eigene Dateien\flyer_newstore\thumbnails\header_besprechungen_de.gif <-- flyer /home/development/flyer/htdocs/img/thumbnails header_besprechungen_de.gif
2001.09.06 12:50 B C:\Eigene Dateien\flyer_newstore\thumbnails\header_besprechungen_en.gif <-- flyer /home/development/flyer/htdocs/img/thumbnails header_besprechungen_en.gif
2001.09.06 12:50 B C:\Eigene Dateien\flyer_newstore\thumbnails\header_buehne_de.gif <-- flyer /home/development/flyer/htdocs/img/thumbnails header_buehne_de.gif
2001.09.06 12:50 B C:\Eigene Dateien\flyer_newstore\thumbnails\header_buehne_en.gif <-- flyer /home/development/flyer/htdocs/img/thumbnails header_buehne_en.gif
2001.09.06 12:50 B C:\Eigene Dateien\flyer_newstore\thumbnails\header_galerie_de.gif <-- flyer /home/development/flyer/htdocs/img/thumbnails header_galerie_de.gif
2001.09.06 12:50 B C:\Eigene Dateien\flyer_newstore\thumbnails\header_galerie_en.gif <-- flyer /home/development/flyer/htdocs/img/thumbnails header_galerie_en.gif
2001.09.06 12:50 B C:\Eigene Dateien\flyer_newstore\thumbnails\header_interviews_de.gif <-- flyer /home/development/flyer/htdocs/img/thumbnails header_interviews_de.gif
2001.09.06 12:50 B C:\Eigene Dateien\flyer_newstore\thumbnails\header_interviews_en.gif <-- flyer /home/development/flyer/htdocs/img/thumbnails header_interviews_en.gif
2001.09.06 12:50 B C:\Eigene Dateien\flyer_newstore\thumbnails\header_konzerte_de.gif <-- flyer /home/development/flyer/htdocs/img/thumbnails header_konzerte_de.gif
2001.09.06 12:50 B C:\Eigene Dateien\flyer_newstore\thumbnails\header_konzerte_en.gif <-- flyer /home/development/flyer/htdocs/img/thumbnails header_konzerte_en.gif
2001.09.06 12:50 B C:\Eigene Dateien\flyer_newstore\thumbnails\header_mode_de.gif <-- flyer /home/development/flyer/htdocs/img/thumbnails header_mode_de.gif
2001.09.06 12:50 B C:\Eigene Dateien\flyer_newstore\thumbnails\header_mode_en.gif <-- flyer /home/development/flyer/htdocs/img/thumbnails header_mode_en.gif
2001.09.06 12:50 B C:\Eigene Dateien\flyer_newstore\thumbnails\header_nachtleben_de.gif <-- flyer /home/development/flyer/htdocs/img/thumbnails header_nachtleben_de.gif
2001.09.06 12:50 B C:\Eigene Dateien\flyer_newstore\thumbnails\header_nachtleben_en.gif <-- flyer /home/development/flyer/htdocs/img/thumbnails header_nachtleben_en.gif
2001.09.06 12:50 B C:\Eigene Dateien\flyer_newstore\thumbnails\header_reisen_de.gif <-- flyer /home/development/flyer/htdocs/img/thumbnails header_reisen_de.gif
2001.09.06 12:50 B C:\Eigene Dateien\flyer_newstore\thumbnails\header_reisen_en.gif <-- flyer /home/development/flyer/htdocs/img/thumbnails header_reisen_en.gif
2001.09.06 12:50 B C:\Eigene Dateien\flyer_newstore\thumbnails\header_shopping_de.gif <-- flyer /home/development/flyer/htdocs/img/thumbnails header_shopping_de.gif
2001.09.06 12:50 B C:\Eigene Dateien\flyer_newstore\thumbnails\header_shopping_en.gif <-- flyer /home/development/flyer/htdocs/img/thumbnails header_shopping_en.gif
2001.09.06 12:50 B C:\Eigene Dateien\flyer_newstore\thumbnails\header_spezial_de.gif <-- flyer /home/development/flyer/htdocs/img/thumbnails header_spezial_de.gif
2001.09.06 12:50 B C:\Eigene Dateien\flyer_newstore\thumbnails\header_spezial_en.gif <-- flyer /home/development/flyer/htdocs/img/thumbnails header_spezial_en.gif
2001.09.06 12:50 B C:\Eigene Dateien\flyer_newstore\thumbnails\header_theater_de.gif <-- flyer /home/development/flyer/htdocs/img/thumbnails header_theater_de.gif
2001.09.06 12:50 B C:\Eigene Dateien\flyer_newstore\thumbnails\header_theater_en.gif <-- flyer /home/development/flyer/htdocs/img/thumbnails header_theater_en.gif
2001.09.06 12:50 B C:\Eigene Dateien\flyer_newstore\thumbnails\header_themen_de.gif <-- flyer /home/development/flyer/htdocs/img/thumbnails header_themen_de.gif
2001.09.06 12:50 B C:\Eigene Dateien\flyer_newstore\thumbnails\header_themen_en.gif <-- flyer /home/development/flyer/htdocs/img/thumbnails header_themen_en.gif
2001.09.06 12:50 B C:\Eigene Dateien\flyer_newstore\thumbnails\sidebar.gif <-- flyer /home/development/flyer/htdocs/img/thumbnails sidebar.gif
2001.09.06 12:50 B C:\Eigene Dateien\flyer_newstore\thumbnails\thumb_78x48.gif <-- flyer /home/development/flyer/htdocs/img/thumbnails thumb_78x48.gif
2001.09.06 12:50 B C:\Eigene Dateien\flyer_newstore\thumbnails\ueberuns_flyercover.gif <-- flyer /home/development/flyer/htdocs/img/thumbnails ueberuns_flyercover.gif
2001.09.06 12:50 B C:\Eigene Dateien\flyer_newstore\thumbnails\ueberuns_geschichte.gif <-- flyer /home/development/flyer/htdocs/img/thumbnails ueberuns_geschichte.gif
2001.09.06 12:50 B C:\Eigene Dateien\flyer_newstore\thumbnails\ueberuns_impressum.gif <-- flyer /home/development/flyer/htdocs/img/thumbnails ueberuns_impressum.gif
2001.09.06 12:50 B C:\Eigene Dateien\flyer_newstore\thumbnails\ueberuns_kontakt.gif <-- flyer /home/development/flyer/htdocs/img/thumbnails ueberuns_kontakt.gif
2001.09.06 12:52 B C:\Eigene Dateien\flyer_newstore\thumbnails\header.gif --> bug.fork.de /home/java/tdk/webapps/mag/img/thumbnails header.gif
2001.09.06 12:52 B C:\Eigene Dateien\flyer_newstore\thumbnails\header_andere_de.gif --> bug.fork.de /home/java/tdk/webapps/mag/img/thumbnails header_andere_de.gif
2001.09.06 12:52 B C:\Eigene Dateien\flyer_newstore\thumbnails\header_andere_en.gif --> bug.fork.de /home/java/tdk/webapps/mag/img/thumbnails header_andere_en.gif
2001.09.06 12:52 B C:\Eigene Dateien\flyer_newstore\thumbnails\header_artikel_de.gif --> bug.fork.de /home/java/tdk/webapps/mag/img/thumbnails header_artikel_de.gif
2001.09.06 12:52 B C:\Eigene Dateien\flyer_newstore\thumbnails\header_artikel_en.gif --> bug.fork.de /home/java/tdk/webapps/mag/img/thumbnails header_artikel_en.gif
2001.09.06 12:52 B C:\Eigene Dateien\flyer_newstore\thumbnails\header_austellungen_de.gif --> bug.fork.de /home/java/tdk/webapps/mag/img/thumbnails header_austellungen_de.gif
2001.09.06 12:52 B C:\Eigene Dateien\flyer_newstore\thumbnails\header_austellungen_en.gif --> bug.fork.de /home/java/tdk/webapps/mag/img/thumbnails header_austellungen_en.gif
2001.09.06 12:52 B C:\Eigene Dateien\flyer_newstore\thumbnails\header_besprechungen_de.gif --> bug.fork.de /home/java/tdk/webapps/mag/img/thumbnails header_besprechungen_de.gif
2001.09.06 12:52 B C:\Eigene Dateien\flyer_newstore\thumbnails\header_besprechungen_en.gif --> bug.fork.de /home/java/tdk/webapps/mag/img/thumbnails header_besprechungen_en.gif
2001.09.06 12:52 B C:\Eigene Dateien\flyer_newstore\thumbnails\header_buehne_de.gif --> bug.fork.de /home/java/tdk/webapps/mag/img/thumbnails header_buehne_de.gif
2001.09.06 12:52 B C:\Eigene Dateien\flyer_newstore\thumbnails\header_buehne_en.gif --> bug.fork.de /home/java/tdk/webapps/mag/img/thumbnails header_buehne_en.gif
2001.09.06 12:52 B C:\Eigene Dateien\flyer_newstore\thumbnails\header_galerie_de.gif --> bug.fork.de /home/java/tdk/webapps/mag/img/thumbnails header_galerie_de.gif
2001.09.06 12:52 B C:\Eigene Dateien\flyer_newstore\thumbnails\header_galerie_en.gif --> bug.fork.de /home/java/tdk/webapps/mag/img/thumbnails header_galerie_en.gif
2001.09.06 12:52 B C:\Eigene Dateien\flyer_newstore\thumbnails\header_interviews_de.gif --> bug.fork.de /home/java/tdk/webapps/mag/img/thumbnails header_interviews_de.gif
2001.09.06 12:52 B C:\Eigene Dateien\flyer_newstore\thumbnails\header_interviews_en.gif --> bug.fork.de /home/java/tdk/webapps/mag/img/thumbnails header_interviews_en.gif
2001.09.06 12:52 B C:\Eigene Dateien\flyer_newstore\thumbnails\header_konzerte_de.gif --> bug.fork.de /home/java/tdk/webapps/mag/img/thumbnails header_konzerte_de.gif
2001.09.06 12:52 B C:\Eigene Dateien\flyer_newstore\thumbnails\header_konzerte_en.gif --> bug.fork.de /home/java/tdk/webapps/mag/img/thumbnails header_konzerte_en.gif
2001.09.06 12:52 B C:\Eigene Dateien\flyer_newstore\thumbnails\header_mode_de.gif --> bug.fork.de /home/java/tdk/webapps/mag/img/thumbnails header_mode_de.gif
2001.09.06 12:52 B C:\Eigene Dateien\flyer_newstore\thumbnails\header_mode_en.gif --> bug.fork.de /home/java/tdk/webapps/mag/img/thumbnails header_mode_en.gif
2001.09.06 12:52 B C:\Eigene Dateien\flyer_newstore\thumbnails\header_nachtleben_de.gif --> bug.fork.de /home/java/tdk/webapps/mag/img/thumbnails header_nachtleben_de.gif
2001.09.06 12:52 B C:\Eigene Dateien\flyer_newstore\thumbnails\header_nachtleben_en.gif --> bug.fork.de /home/java/tdk/webapps/mag/img/thumbnails header_nachtleben_en.gif
2001.09.06 12:52 B C:\Eigene Dateien\flyer_newstore\thumbnails\header_reisen_de.gif --> bug.fork.de /home/java/tdk/webapps/mag/img/thumbnails header_reisen_de.gif
2001.09.06 12:52 B C:\Eigene Dateien\flyer_newstore\thumbnails\header_reisen_en.gif --> bug.fork.de /home/java/tdk/webapps/mag/img/thumbnails header_reisen_en.gif
2001.09.06 12:52 B C:\Eigene Dateien\flyer_newstore\thumbnails\header_shopping_de.gif --> bug.fork.de /home/java/tdk/webapps/mag/img/thumbnails header_shopping_de.gif
2001.09.06 12:52 B C:\Eigene Dateien\flyer_newstore\thumbnails\header_shopping_en.gif --> bug.fork.de /home/java/tdk/webapps/mag/img/thumbnails header_shopping_en.gif
2001.09.06 12:52 B C:\Eigene Dateien\flyer_newstore\thumbnails\header_spezial_de.gif --> bug.fork.de /home/java/tdk/webapps/mag/img/thumbnails header_spezial_de.gif
2001.09.06 12:52 B C:\Eigene Dateien\flyer_newstore\thumbnails\header_spezial_en.gif --> bug.fork.de /home/java/tdk/webapps/mag/img/thumbnails header_spezial_en.gif
2001.09.06 12:52 B C:\Eigene Dateien\flyer_newstore\thumbnails\header_theater_de.gif --> bug.fork.de /home/java/tdk/webapps/mag/img/thumbnails header_theater_de.gif
2001.09.06 12:52 B C:\Eigene Dateien\flyer_newstore\thumbnails\header_theater_en.gif --> bug.fork.de /home/java/tdk/webapps/mag/img/thumbnails header_theater_en.gif
2001.09.06 12:52 B C:\Eigene Dateien\flyer_newstore\thumbnails\header_themen_de.gif --> bug.fork.de /home/java/tdk/webapps/mag/img/thumbnails header_themen_de.gif
2001.09.06 12:52 B C:\Eigene Dateien\flyer_newstore\thumbnails\header_themen_en.gif --> bug.fork.de /home/java/tdk/webapps/mag/img/thumbnails header_themen_en.gif
2001.09.06 12:52 B C:\Eigene Dateien\flyer_newstore\thumbnails\sidebar.gif --> bug.fork.de /home/java/tdk/webapps/mag/img/thumbnails sidebar.gif
2001.09.06 12:52 B C:\Eigene Dateien\flyer_newstore\thumbnails\thumb_78x48.gif --> bug.fork.de /home/java/tdk/webapps/mag/img/thumbnails thumb_78x48.gif
2001.09.06 12:52 B C:\Eigene Dateien\flyer_newstore\thumbnails\ueberuns_flyercover.gif --> bug.fork.de /home/java/tdk/webapps/mag/img/thumbnails ueberuns_flyercover.gif
2001.09.06 12:52 B C:\Eigene Dateien\flyer_newstore\thumbnails\ueberuns_geschichte.gif --> bug.fork.de /home/java/tdk/webapps/mag/img/thumbnails ueberuns_geschichte.gif
2001.09.06 12:52 B C:\Eigene Dateien\flyer_newstore\thumbnails\ueberuns_impressum.gif --> bug.fork.de /home/java/tdk/webapps/mag/img/thumbnails ueberuns_impressum.gif
2001.09.06 12:52 B C:\Eigene Dateien\flyer_newstore\thumbnails\ueberuns_kontakt.gif --> bug.fork.de /home/java/tdk/webapps/mag/img/thumbnails ueberuns_kontakt.gif
