2001.09.06 18:23 B C:\Eigene Dateien\flyer_newstore\toolbars\balken_1.gif <-- flyer /home/development/flyer/htdocs/img/toolbars balken_1.gif
2001.09.06 18:23 B C:\Eigene Dateien\flyer_newstore\toolbars\balken_2.gif <-- flyer /home/development/flyer/htdocs/img/toolbars balken_2.gif
2001.09.06 18:23 B C:\Eigene Dateien\flyer_newstore\toolbars\balken_3.gif <-- flyer /home/development/flyer/htdocs/img/toolbars balken_3.gif
2001.09.06 18:23 B C:\Eigene Dateien\flyer_newstore\toolbars\blanker_left.gif <-- flyer /home/development/flyer/htdocs/img/toolbars blanker_left.gif
2001.09.06 18:23 B C:\Eigene Dateien\flyer_newstore\toolbars\blanker_right.gif <-- flyer /home/development/flyer/htdocs/img/toolbars blanker_right.gif
2001.09.06 18:23 B C:\Eigene Dateien\flyer_newstore\toolbars\bottom.gif <-- flyer /home/development/flyer/htdocs/img/toolbars bottom.gif
2001.09.06 18:23 B C:\Eigene Dateien\flyer_newstore\toolbars\clear.gif <-- flyer /home/development/flyer/htdocs/img/toolbars clear.gif
2001.09.06 18:23 B C:\Eigene Dateien\flyer_newstore\toolbars\clear_over.gif <-- flyer /home/development/flyer/htdocs/img/toolbars clear_over.gif
2001.09.06 18:23 B C:\Eigene Dateien\flyer_newstore\toolbars\left.gif <-- flyer /home/development/flyer/htdocs/img/toolbars left.gif
2001.09.06 18:23 B C:\Eigene Dateien\flyer_newstore\toolbars\left_blank.gif <-- flyer /home/development/flyer/htdocs/img/toolbars left_blank.gif
2001.09.06 18:23 B C:\Eigene Dateien\flyer_newstore\toolbars\myflyer.gif <-- flyer /home/development/flyer/htdocs/img/toolbars myflyer.gif
2001.09.06 18:23 B C:\Eigene Dateien\flyer_newstore\toolbars\myflyer_over.gif <-- flyer /home/development/flyer/htdocs/img/toolbars myflyer_over.gif
2001.09.06 18:23 B C:\Eigene Dateien\flyer_newstore\toolbars\preview.gif <-- flyer /home/development/flyer/htdocs/img/toolbars preview.gif
2001.09.06 18:23 B C:\Eigene Dateien\flyer_newstore\toolbars\preview_over.gif <-- flyer /home/development/flyer/htdocs/img/toolbars preview_over.gif
2001.09.06 18:23 B C:\Eigene Dateien\flyer_newstore\toolbars\print.gif <-- flyer /home/development/flyer/htdocs/img/toolbars print.gif
2001.09.06 18:23 B C:\Eigene Dateien\flyer_newstore\toolbars\print_over.gif <-- flyer /home/development/flyer/htdocs/img/toolbars print_over.gif
2001.09.06 18:23 B C:\Eigene Dateien\flyer_newstore\toolbars\right.gif <-- flyer /home/development/flyer/htdocs/img/toolbars right.gif
2001.09.06 18:23 B C:\Eigene Dateien\flyer_newstore\toolbars\right_blank.gif <-- flyer /home/development/flyer/htdocs/img/toolbars right_blank.gif
2001.09.06 18:23 B C:\Eigene Dateien\flyer_newstore\toolbars\send.gif <-- flyer /home/development/flyer/htdocs/img/toolbars send.gif
2001.09.06 18:23 B C:\Eigene Dateien\flyer_newstore\toolbars\send_over.gif <-- flyer /home/development/flyer/htdocs/img/toolbars send_over.gif
2001.09.06 18:23 B C:\Eigene Dateien\flyer_newstore\toolbars\sms+mail.gif <-- flyer /home/development/flyer/htdocs/img/toolbars sms+mail.gif
2001.09.06 18:23 B C:\Eigene Dateien\flyer_newstore\toolbars\sms+mail_over.gif <-- flyer /home/development/flyer/htdocs/img/toolbars sms+mail_over.gif
2001.09.06 18:23 B C:\Eigene Dateien\flyer_newstore\toolbars\top.gif <-- flyer /home/development/flyer/htdocs/img/toolbars top.gif
2001.09.06 18:23 B C:\Eigene Dateien\flyer_newstore\toolbars\trash.gif <-- flyer /home/development/flyer/htdocs/img/toolbars trash.gif
2001.09.06 18:23 B C:\Eigene Dateien\flyer_newstore\toolbars\trash_over.gif <-- flyer /home/development/flyer/htdocs/img/toolbars trash_over.gif
2001.09.06 18:23 B C:\Eigene Dateien\flyer_newstore\toolbars\weiter_de.gif <-- flyer /home/development/flyer/htdocs/img/toolbars weiter_de.gif
2001.09.06 18:23 B C:\Eigene Dateien\flyer_newstore\toolbars\weiter_en.gif <-- flyer /home/development/flyer/htdocs/img/toolbars weiter_en.gif
2001.09.06 18:23 B C:\Eigene Dateien\flyer_newstore\toolbars\weiter_over_de.gif <-- flyer /home/development/flyer/htdocs/img/toolbars weiter_over_de.gif
2001.09.06 18:23 B C:\Eigene Dateien\flyer_newstore\toolbars\weiter_over_en.gif <-- flyer /home/development/flyer/htdocs/img/toolbars weiter_over_en.gif
2001.09.06 18:23 B C:\Eigene Dateien\flyer_newstore\toolbars\zurueck_de.gif <-- flyer /home/development/flyer/htdocs/img/toolbars zurueck_de.gif
2001.09.06 18:23 B C:\Eigene Dateien\flyer_newstore\toolbars\zurueck_en.gif <-- flyer /home/development/flyer/htdocs/img/toolbars zurueck_en.gif
2001.09.06 18:23 B C:\Eigene Dateien\flyer_newstore\toolbars\zurueck_over_de.gif <-- flyer /home/development/flyer/htdocs/img/toolbars zurueck_over_de.gif
2001.09.06 18:23 B C:\Eigene Dateien\flyer_newstore\toolbars\zurueck_over_en.gif <-- flyer /home/development/flyer/htdocs/img/toolbars zurueck_over_en.gif
2001.09.06 18:24 B C:\Eigene Dateien\flyer_newstore\toolbars\blanker_left.gif --> bug.fork.de /home/java/tdk/webapps/mag/img/toolbars blanker_left.gif
2001.09.06 18:24 B C:\Eigene Dateien\flyer_newstore\toolbars\blanker_right.gif --> bug.fork.de /home/java/tdk/webapps/mag/img/toolbars blanker_right.gif
2001.09.06 18:24 B C:\Eigene Dateien\flyer_newstore\toolbars\bottom.gif --> bug.fork.de /home/java/tdk/webapps/mag/img/toolbars bottom.gif
2001.09.06 18:24 B C:\Eigene Dateien\flyer_newstore\toolbars\left.gif --> bug.fork.de /home/java/tdk/webapps/mag/img/toolbars left.gif
2001.09.06 18:24 B C:\Eigene Dateien\flyer_newstore\toolbars\left_blank.gif --> bug.fork.de /home/java/tdk/webapps/mag/img/toolbars left_blank.gif
2001.09.06 18:24 B C:\Eigene Dateien\flyer_newstore\toolbars\right.gif --> bug.fork.de /home/java/tdk/webapps/mag/img/toolbars right.gif
2001.09.06 18:24 B C:\Eigene Dateien\flyer_newstore\toolbars\right_blank.gif --> bug.fork.de /home/java/tdk/webapps/mag/img/toolbars right_blank.gif
2001.09.06 18:24 B C:\Eigene Dateien\flyer_newstore\toolbars\top.gif --> bug.fork.de /home/java/tdk/webapps/mag/img/toolbars top.gif
2001.09.06 18:24 B C:\Eigene Dateien\flyer_newstore\toolbars\weiter_de.gif --> bug.fork.de /home/java/tdk/webapps/mag/img/toolbars weiter_de.gif
2001.09.06 18:24 B C:\Eigene Dateien\flyer_newstore\toolbars\weiter_en.gif --> bug.fork.de /home/java/tdk/webapps/mag/img/toolbars weiter_en.gif
2001.09.06 18:24 B C:\Eigene Dateien\flyer_newstore\toolbars\weiter_over_de.gif --> bug.fork.de /home/java/tdk/webapps/mag/img/toolbars weiter_over_de.gif
2001.09.06 18:24 B C:\Eigene Dateien\flyer_newstore\toolbars\weiter_over_en.gif --> bug.fork.de /home/java/tdk/webapps/mag/img/toolbars weiter_over_en.gif
