2001.07.19 12:45 B C:\Eigene Dateien\flyer\img\layout\border_right.gif --> flyer.fork.de /home/development/flyer/htdocs/img/layout border_right.gif
2001.07.19 12:45 B C:\Eigene Dateien\flyer\img\layout\contentbox_bottom_b_grey.gif --> flyer.fork.de /home/development/flyer/htdocs/img/layout contentbox_bottom_b_grey.gif
2001.07.19 12:45 B C:\Eigene Dateien\flyer\img\layout\contentbox_bottom_blue.gif --> flyer.fork.de /home/development/flyer/htdocs/img/layout contentbox_bottom_blue.gif
2001.07.19 12:45 B C:\Eigene Dateien\flyer\img\layout\contentbox_bottom_blue_cut.gif --> flyer.fork.de /home/development/flyer/htdocs/img/layout contentbox_bottom_blue_cut.gif
2001.07.19 12:45 B C:\Eigene Dateien\flyer\img\layout\contentbox_bottom_blue_ring.gif --> flyer.fork.de /home/development/flyer/htdocs/img/layout contentbox_bottom_blue_ring.gif
2001.07.19 12:45 B C:\Eigene Dateien\flyer\img\layout\contentbox_bottom_blue_sub.gif --> flyer.fork.de /home/development/flyer/htdocs/img/layout contentbox_bottom_blue_sub.gif
2001.07.19 12:45 B C:\Eigene Dateien\flyer\img\layout\contentbox_bottom_m_grey.gif --> flyer.fork.de /home/development/flyer/htdocs/img/layout contentbox_bottom_m_grey.gif
2001.07.19 12:45 B C:\Eigene Dateien\flyer\img\layout\contentbox_bottom_magenta.gif --> flyer.fork.de /home/development/flyer/htdocs/img/layout contentbox_bottom_magenta.gif
2001.07.19 12:45 B C:\Eigene Dateien\flyer\img\layout\contentbox_mehr_b_grey.gif --> flyer.fork.de /home/development/flyer/htdocs/img/layout contentbox_mehr_b_grey.gif
2001.07.19 12:45 B C:\Eigene Dateien\flyer\img\layout\contentbox_mehr_blue.gif --> flyer.fork.de /home/development/flyer/htdocs/img/layout contentbox_mehr_blue.gif
2001.07.19 12:45 B C:\Eigene Dateien\flyer\img\layout\contentbox_mehr_blue_big.gif --> flyer.fork.de /home/development/flyer/htdocs/img/layout contentbox_mehr_blue_big.gif
2001.07.19 12:45 B C:\Eigene Dateien\flyer\img\layout\contentbox_mehr_m_grey.gif --> flyer.fork.de /home/development/flyer/htdocs/img/layout contentbox_mehr_m_grey.gif
2001.07.19 12:45 B C:\Eigene Dateien\flyer\img\layout\contentbox_mehr_magenta.gif --> flyer.fork.de /home/development/flyer/htdocs/img/layout contentbox_mehr_magenta.gif
2001.07.19 12:45 B C:\Eigene Dateien\flyer\img\layout\contentbox_mehr_magenta_big.gif --> flyer.fork.de /home/development/flyer/htdocs/img/layout contentbox_mehr_magenta_big.gif
2001.07.19 12:45 B C:\Eigene Dateien\flyer\img\layout\contentbox_spacer_b_grey.gif --> flyer.fork.de /home/development/flyer/htdocs/img/layout contentbox_spacer_b_grey.gif
2001.07.19 12:45 B C:\Eigene Dateien\flyer\img\layout\contentbox_spacer_blue.gif --> flyer.fork.de /home/development/flyer/htdocs/img/layout contentbox_spacer_blue.gif
2001.07.19 12:45 B C:\Eigene Dateien\flyer\img\layout\contentbox_spacer_m_grey.gif --> flyer.fork.de /home/development/flyer/htdocs/img/layout contentbox_spacer_m_grey.gif
2001.07.19 12:45 B C:\Eigene Dateien\flyer\img\layout\contentbox_spacer_magenta.gif --> flyer.fork.de /home/development/flyer/htdocs/img/layout contentbox_spacer_magenta.gif
2001.07.19 12:45 B C:\Eigene Dateien\flyer\img\layout\header_battery.gif --> flyer.fork.de /home/development/flyer/htdocs/img/layout header_battery.gif
2001.07.19 12:45 B C:\Eigene Dateien\flyer\img\layout\header_border.gif --> flyer.fork.de /home/development/flyer/htdocs/img/layout header_border.gif
2001.07.19 12:45 B C:\Eigene Dateien\flyer\img\layout\header_bottom.gif --> flyer.fork.de /home/development/flyer/htdocs/img/layout header_bottom.gif
2001.07.19 12:45 B C:\Eigene Dateien\flyer\img\layout\header_bottom_blue.gif --> flyer.fork.de /home/development/flyer/htdocs/img/layout header_bottom_blue.gif
2001.07.19 12:45 B C:\Eigene Dateien\flyer\img\layout\header_bottom_magenta.gif --> flyer.fork.de /home/development/flyer/htdocs/img/layout header_bottom_magenta.gif
2001.07.19 12:45 B C:\Eigene Dateien\flyer\img\layout\header_lcd.gif --> flyer.fork.de /home/development/flyer/htdocs/img/layout header_lcd.gif
2001.07.19 12:45 B C:\Eigene Dateien\flyer\img\layout\header_left_blue_big.gif --> flyer.fork.de /home/development/flyer/htdocs/img/layout header_left_blue_big.gif
2001.07.19 12:45 B C:\Eigene Dateien\flyer\img\layout\header_left_blue_small.gif --> flyer.fork.de /home/development/flyer/htdocs/img/layout header_left_blue_small.gif
2001.07.19 12:45 B C:\Eigene Dateien\flyer\img\layout\header_left_magenta_big.gif --> flyer.fork.de /home/development/flyer/htdocs/img/layout header_left_magenta_big.gif
2001.07.19 12:45 B C:\Eigene Dateien\flyer\img\layout\header_left_magenta_small.gif --> flyer.fork.de /home/development/flyer/htdocs/img/layout header_left_magenta_small.gif
2001.07.19 12:45 B C:\Eigene Dateien\flyer\img\layout\header_locator.gif --> flyer.fork.de /home/development/flyer/htdocs/img/layout header_locator.gif
2001.07.19 12:45 B C:\Eigene Dateien\flyer\img\layout\header_logo.gif --> flyer.fork.de /home/development/flyer/htdocs/img/layout header_logo.gif
2001.07.19 12:45 B C:\Eigene Dateien\flyer\img\layout\header_right_blue_big.gif --> flyer.fork.de /home/development/flyer/htdocs/img/layout header_right_blue_big.gif
2001.07.19 12:45 B C:\Eigene Dateien\flyer\img\layout\header_right_blue_small.gif --> flyer.fork.de /home/development/flyer/htdocs/img/layout header_right_blue_small.gif
2001.07.19 12:45 B C:\Eigene Dateien\flyer\img\layout\header_right_magenta_big.gif --> flyer.fork.de /home/development/flyer/htdocs/img/layout header_right_magenta_big.gif
2001.07.19 12:45 B C:\Eigene Dateien\flyer\img\layout\header_right_magenta_small.gif --> flyer.fork.de /home/development/flyer/htdocs/img/layout header_right_magenta_small.gif
2001.07.19 12:45 B C:\Eigene Dateien\flyer\img\layout\header_seperator_1.gif --> flyer.fork.de /home/development/flyer/htdocs/img/layout header_seperator_1.gif
2001.07.19 12:45 B C:\Eigene Dateien\flyer\img\layout\header_seperator_2.gif --> flyer.fork.de /home/development/flyer/htdocs/img/layout header_seperator_2.gif
2001.07.19 12:45 B C:\Eigene Dateien\flyer\img\layout\header_top.gif --> flyer.fork.de /home/development/flyer/htdocs/img/layout header_top.gif
2001.07.19 12:45 B C:\Eigene Dateien\flyer\img\layout\header_top_blue.gif --> flyer.fork.de /home/development/flyer/htdocs/img/layout header_top_blue.gif
2001.07.19 12:45 B C:\Eigene Dateien\flyer\img\layout\header_top_magenta.gif --> flyer.fork.de /home/development/flyer/htdocs/img/layout header_top_magenta.gif
2001.07.19 12:45 B C:\Eigene Dateien\flyer\img\layout\header_whereami.gif --> flyer.fork.de /home/development/flyer/htdocs/img/layout header_whereami.gif
2001.07.19 12:45 B C:\Eigene Dateien\flyer\img\layout\teaserbox_bottom_b_grey.gif --> flyer.fork.de /home/development/flyer/htdocs/img/layout teaserbox_bottom_b_grey.gif
2001.07.19 12:45 B C:\Eigene Dateien\flyer\img\layout\teaserbox_bottom_blue.gif --> flyer.fork.de /home/development/flyer/htdocs/img/layout teaserbox_bottom_blue.gif
2001.07.19 12:45 B C:\Eigene Dateien\flyer\img\layout\teaserbox_bottom_blue2.gif --> flyer.fork.de /home/development/flyer/htdocs/img/layout teaserbox_bottom_blue2.gif
2001.07.19 12:45 B C:\Eigene Dateien\flyer\img\layout\teaserbox_bottom_m_grey.gif --> flyer.fork.de /home/development/flyer/htdocs/img/layout teaserbox_bottom_m_grey.gif
2001.07.19 12:45 B C:\Eigene Dateien\flyer\img\layout\teaserbox_bottom_magenta.gif --> flyer.fork.de /home/development/flyer/htdocs/img/layout teaserbox_bottom_magenta.gif
2001.07.19 12:45 B C:\Eigene Dateien\flyer\img\layout\teaserbox_bottom_magenta2.gif --> flyer.fork.de /home/development/flyer/htdocs/img/layout teaserbox_bottom_magenta2.gif
2001.07.19 12:45 B C:\Eigene Dateien\flyer\img\layout\teaserbox_mehr_b_grey.gif --> flyer.fork.de /home/development/flyer/htdocs/img/layout teaserbox_mehr_b_grey.gif
2001.07.19 12:45 B C:\Eigene Dateien\flyer\img\layout\teaserbox_mehr_m_grey.gif --> flyer.fork.de /home/development/flyer/htdocs/img/layout teaserbox_mehr_m_grey.gif
2001.07.19 12:45 B C:\Eigene Dateien\flyer\img\layout\teaserbox_right_blue.gif --> flyer.fork.de /home/development/flyer/htdocs/img/layout teaserbox_right_blue.gif
2001.07.19 12:45 B C:\Eigene Dateien\flyer\img\layout\teaserbox_right_magenta.gif --> flyer.fork.de /home/development/flyer/htdocs/img/layout teaserbox_right_magenta.gif
2001.07.19 12:45 B C:\Eigene Dateien\flyer\img\layout\teaserbox_spacer_b_grey.gif --> flyer.fork.de /home/development/flyer/htdocs/img/layout teaserbox_spacer_b_grey.gif
2001.07.19 12:45 B C:\Eigene Dateien\flyer\img\layout\teaserbox_spacer_blue.gif --> flyer.fork.de /home/development/flyer/htdocs/img/layout teaserbox_spacer_blue.gif
2001.07.19 12:45 B C:\Eigene Dateien\flyer\img\layout\teaserbox_spacer_m_grey.gif --> flyer.fork.de /home/development/flyer/htdocs/img/layout teaserbox_spacer_m_grey.gif
2001.07.19 12:45 B C:\Eigene Dateien\flyer\img\layout\teaserbox_spacer_magenta.gif --> flyer.fork.de /home/development/flyer/htdocs/img/layout teaserbox_spacer_magenta.gif
2001.07.19 12:51 B C:\Eigene Dateien\flyer\img\layout\border_right.gif --> flyer.fork.de /home/development/flyer/htdocs/img/layout border_right.gif
2001.07.19 12:51 B C:\Eigene Dateien\flyer\img\layout\contentbox_bottom_b_grey.gif --> flyer.fork.de /home/development/flyer/htdocs/img/layout contentbox_bottom_b_grey.gif
2001.07.19 12:51 B C:\Eigene Dateien\flyer\img\layout\contentbox_bottom_blue.gif --> flyer.fork.de /home/development/flyer/htdocs/img/layout contentbox_bottom_blue.gif
2001.07.19 12:51 B C:\Eigene Dateien\flyer\img\layout\contentbox_bottom_m_grey.gif --> flyer.fork.de /home/development/flyer/htdocs/img/layout contentbox_bottom_m_grey.gif
2001.07.19 12:51 B C:\Eigene Dateien\flyer\img\layout\contentbox_bottom_magenta.gif --> flyer.fork.de /home/development/flyer/htdocs/img/layout contentbox_bottom_magenta.gif
2001.07.19 12:51 B C:\Eigene Dateien\flyer\img\layout\contentbox_mehr_b_grey.gif --> flyer.fork.de /home/development/flyer/htdocs/img/layout contentbox_mehr_b_grey.gif
2001.07.19 12:51 B C:\Eigene Dateien\flyer\img\layout\contentbox_mehr_blue.gif --> flyer.fork.de /home/development/flyer/htdocs/img/layout contentbox_mehr_blue.gif
2001.07.19 12:51 B C:\Eigene Dateien\flyer\img\layout\contentbox_mehr_blue_big.gif --> flyer.fork.de /home/development/flyer/htdocs/img/layout contentbox_mehr_blue_big.gif
2001.07.19 12:51 B C:\Eigene Dateien\flyer\img\layout\contentbox_mehr_m_grey.gif --> flyer.fork.de /home/development/flyer/htdocs/img/layout contentbox_mehr_m_grey.gif
2001.07.19 12:51 B C:\Eigene Dateien\flyer\img\layout\contentbox_mehr_magenta.gif --> flyer.fork.de /home/development/flyer/htdocs/img/layout contentbox_mehr_magenta.gif
2001.07.19 12:51 B C:\Eigene Dateien\flyer\img\layout\contentbox_mehr_magenta_big.gif --> flyer.fork.de /home/development/flyer/htdocs/img/layout contentbox_mehr_magenta_big.gif
2001.07.19 12:51 B C:\Eigene Dateien\flyer\img\layout\contentbox_spacer_b_grey.gif --> flyer.fork.de /home/development/flyer/htdocs/img/layout contentbox_spacer_b_grey.gif
2001.07.19 12:51 B C:\Eigene Dateien\flyer\img\layout\contentbox_spacer_blue.gif --> flyer.fork.de /home/development/flyer/htdocs/img/layout contentbox_spacer_blue.gif
2001.07.19 12:51 B C:\Eigene Dateien\flyer\img\layout\contentbox_spacer_blue_ringr.gif --> flyer.fork.de /home/development/flyer/htdocs/img/layout contentbox_spacer_blue_ringr.gif
2001.07.19 12:51 B C:\Eigene Dateien\flyer\img\layout\contentbox_spacer_m_grey.gif --> flyer.fork.de /home/development/flyer/htdocs/img/layout contentbox_spacer_m_grey.gif
2001.07.19 12:51 B C:\Eigene Dateien\flyer\img\layout\contentbox_spacer_magenta.gif --> flyer.fork.de /home/development/flyer/htdocs/img/layout contentbox_spacer_magenta.gif
2001.07.19 12:51 B C:\Eigene Dateien\flyer\img\layout\header_battery.gif --> flyer.fork.de /home/development/flyer/htdocs/img/layout header_battery.gif
2001.07.19 12:51 B C:\Eigene Dateien\flyer\img\layout\header_border.gif --> flyer.fork.de /home/development/flyer/htdocs/img/layout header_border.gif
2001.07.19 12:51 B C:\Eigene Dateien\flyer\img\layout\header_bottom.gif --> flyer.fork.de /home/development/flyer/htdocs/img/layout header_bottom.gif
2001.07.19 12:51 B C:\Eigene Dateien\flyer\img\layout\header_bottom_blue.gif --> flyer.fork.de /home/development/flyer/htdocs/img/layout header_bottom_blue.gif
2001.07.19 12:51 B C:\Eigene Dateien\flyer\img\layout\header_bottom_magenta.gif --> flyer.fork.de /home/development/flyer/htdocs/img/layout header_bottom_magenta.gif
2001.07.19 12:51 B C:\Eigene Dateien\flyer\img\layout\header_lcd.gif --> flyer.fork.de /home/development/flyer/htdocs/img/layout header_lcd.gif
2001.07.19 12:51 B C:\Eigene Dateien\flyer\img\layout\header_left_blue_big.gif --> flyer.fork.de /home/development/flyer/htdocs/img/layout header_left_blue_big.gif
2001.07.19 12:51 B C:\Eigene Dateien\flyer\img\layout\header_left_blue_small.gif --> flyer.fork.de /home/development/flyer/htdocs/img/layout header_left_blue_small.gif
2001.07.19 12:51 B C:\Eigene Dateien\flyer\img\layout\header_left_magenta_big.gif --> flyer.fork.de /home/development/flyer/htdocs/img/layout header_left_magenta_big.gif
2001.07.19 12:51 B C:\Eigene Dateien\flyer\img\layout\header_left_magenta_small.gif --> flyer.fork.de /home/development/flyer/htdocs/img/layout header_left_magenta_small.gif
2001.07.19 12:51 B C:\Eigene Dateien\flyer\img\layout\header_locator.gif --> flyer.fork.de /home/development/flyer/htdocs/img/layout header_locator.gif
2001.07.19 12:51 B C:\Eigene Dateien\flyer\img\layout\header_logo.gif --> flyer.fork.de /home/development/flyer/htdocs/img/layout header_logo.gif
2001.07.19 12:51 B C:\Eigene Dateien\flyer\img\layout\header_right_blue_big.gif --> flyer.fork.de /home/development/flyer/htdocs/img/layout header_right_blue_big.gif
2001.07.19 12:51 B C:\Eigene Dateien\flyer\img\layout\header_right_blue_small.gif --> flyer.fork.de /home/development/flyer/htdocs/img/layout header_right_blue_small.gif
2001.07.19 12:51 B C:\Eigene Dateien\flyer\img\layout\header_right_magenta_big.gif --> flyer.fork.de /home/development/flyer/htdocs/img/layout header_right_magenta_big.gif
2001.07.19 12:51 B C:\Eigene Dateien\flyer\img\layout\header_right_magenta_small.gif --> flyer.fork.de /home/development/flyer/htdocs/img/layout header_right_magenta_small.gif
2001.07.19 12:51 B C:\Eigene Dateien\flyer\img\layout\header_seperator_1.gif --> flyer.fork.de /home/development/flyer/htdocs/img/layout header_seperator_1.gif
2001.07.19 12:51 B C:\Eigene Dateien\flyer\img\layout\header_seperator_2.gif --> flyer.fork.de /home/development/flyer/htdocs/img/layout header_seperator_2.gif
2001.07.19 12:51 B C:\Eigene Dateien\flyer\img\layout\header_top.gif --> flyer.fork.de /home/development/flyer/htdocs/img/layout header_top.gif
2001.07.19 12:51 B C:\Eigene Dateien\flyer\img\layout\header_top_blue.gif --> flyer.fork.de /home/development/flyer/htdocs/img/layout header_top_blue.gif
2001.07.19 12:51 B C:\Eigene Dateien\flyer\img\layout\header_top_magenta.gif --> flyer.fork.de /home/development/flyer/htdocs/img/layout header_top_magenta.gif
2001.07.19 12:51 B C:\Eigene Dateien\flyer\img\layout\header_whereami.gif --> flyer.fork.de /home/development/flyer/htdocs/img/layout header_whereami.gif
2001.07.19 12:51 B C:\Eigene Dateien\flyer\img\layout\teaserbox_bottom_b_grey.gif --> flyer.fork.de /home/development/flyer/htdocs/img/layout teaserbox_bottom_b_grey.gif
2001.07.19 12:51 B C:\Eigene Dateien\flyer\img\layout\teaserbox_bottom_blue.gif --> flyer.fork.de /home/development/flyer/htdocs/img/layout teaserbox_bottom_blue.gif
2001.07.19 12:51 B C:\Eigene Dateien\flyer\img\layout\teaserbox_bottom_blue2.gif --> flyer.fork.de /home/development/flyer/htdocs/img/layout teaserbox_bottom_blue2.gif
2001.07.19 12:51 B C:\Eigene Dateien\flyer\img\layout\teaserbox_bottom_m_grey.gif --> flyer.fork.de /home/development/flyer/htdocs/img/layout teaserbox_bottom_m_grey.gif
2001.07.19 12:51 B C:\Eigene Dateien\flyer\img\layout\teaserbox_bottom_magenta.gif --> flyer.fork.de /home/development/flyer/htdocs/img/layout teaserbox_bottom_magenta.gif
2001.07.19 12:51 B C:\Eigene Dateien\flyer\img\layout\teaserbox_bottom_magenta2.gif --> flyer.fork.de /home/development/flyer/htdocs/img/layout teaserbox_bottom_magenta2.gif
2001.07.19 12:51 B C:\Eigene Dateien\flyer\img\layout\teaserbox_mehr_b_grey.gif --> flyer.fork.de /home/development/flyer/htdocs/img/layout teaserbox_mehr_b_grey.gif
2001.07.19 12:51 B C:\Eigene Dateien\flyer\img\layout\teaserbox_mehr_m_grey.gif --> flyer.fork.de /home/development/flyer/htdocs/img/layout teaserbox_mehr_m_grey.gif
2001.07.19 12:51 B C:\Eigene Dateien\flyer\img\layout\teaserbox_right_blue.gif --> flyer.fork.de /home/development/flyer/htdocs/img/layout teaserbox_right_blue.gif
2001.07.19 12:51 B C:\Eigene Dateien\flyer\img\layout\teaserbox_right_magenta.gif --> flyer.fork.de /home/development/flyer/htdocs/img/layout teaserbox_right_magenta.gif
2001.07.19 12:51 B C:\Eigene Dateien\flyer\img\layout\teaserbox_spacer_b_grey.gif --> flyer.fork.de /home/development/flyer/htdocs/img/layout teaserbox_spacer_b_grey.gif
2001.07.19 12:51 B C:\Eigene Dateien\flyer\img\layout\teaserbox_spacer_blue.gif --> flyer.fork.de /home/development/flyer/htdocs/img/layout teaserbox_spacer_blue.gif
2001.07.19 12:51 B C:\Eigene Dateien\flyer\img\layout\teaserbox_spacer_m_grey.gif --> flyer.fork.de /home/development/flyer/htdocs/img/layout teaserbox_spacer_m_grey.gif
2001.07.19 12:51 B C:\Eigene Dateien\flyer\img\layout\teaserbox_spacer_magenta.gif --> flyer.fork.de /home/development/flyer/htdocs/img/layout teaserbox_spacer_magenta.gif
