2001.07.19 12:37 B C:\Eigene Dateien\flyer\img\ornaments\dotted-line_218px_blue.gif --> flyer.fork.de /home/development/flyer/htdocs/img/ornaments dotted-line_218px_blue.gif
2001.07.19 12:37 B C:\Eigene Dateien\flyer\img\ornaments\dotted-line_218px_grey.gif --> flyer.fork.de /home/development/flyer/htdocs/img/ornaments dotted-line_218px_grey.gif
2001.07.19 12:37 B C:\Eigene Dateien\flyer\img\ornaments\dotted-line_218px_magenta.gif --> flyer.fork.de /home/development/flyer/htdocs/img/ornaments dotted-line_218px_magenta.gif
2001.07.19 12:37 B C:\Eigene Dateien\flyer\img\ornaments\dotted-line_455px_blue.gif --> flyer.fork.de /home/development/flyer/htdocs/img/ornaments dotted-line_455px_blue.gif
2001.07.19 12:37 B C:\Eigene Dateien\flyer\img\ornaments\dotted-line_455px_grey.gif --> flyer.fork.de /home/development/flyer/htdocs/img/ornaments dotted-line_455px_grey.gif
2001.07.19 12:37 B C:\Eigene Dateien\flyer\img\ornaments\dotted-line_455px_magenta.gif --> flyer.fork.de /home/development/flyer/htdocs/img/ornaments dotted-line_455px_magenta.gif
2001.07.19 12:37 B C:\Eigene Dateien\flyer\img\ornaments\dotted_line_hor_grey.gif --> flyer.fork.de /home/development/flyer/htdocs/img/ornaments dotted_line_hor_grey.gif
2001.07.19 12:37 B C:\Eigene Dateien\flyer\img\ornaments\dotted_line_sub_vert.gif --> flyer.fork.de /home/development/flyer/htdocs/img/ornaments dotted_line_sub_vert.gif
2001.07.19 12:37 B C:\Eigene Dateien\flyer\img\ornaments\dotted_line_vert_grey.gif --> flyer.fork.de /home/development/flyer/htdocs/img/ornaments dotted_line_vert_grey.gif
2001.07.19 12:37 B C:\Eigene Dateien\flyer\img\ornaments\icn_arrows_down_grey.gif --> flyer.fork.de /home/development/flyer/htdocs/img/ornaments icn_arrows_down_grey.gif
2001.07.19 12:37 B C:\Eigene Dateien\flyer\img\ornaments\icn_myflyer_small.gif --> flyer.fork.de /home/development/flyer/htdocs/img/ornaments icn_myflyer_small.gif
2001.07.19 12:37 B C:\Eigene Dateien\flyer\img\ornaments\icn_stadtplan.gif --> flyer.fork.de /home/development/flyer/htdocs/img/ornaments icn_stadtplan.gif
2001.07.19 12:37 B C:\Eigene Dateien\flyer\img\ornaments\icn_tram.gif --> flyer.fork.de /home/development/flyer/htdocs/img/ornaments icn_tram.gif
2001.07.19 12:37 B C:\Eigene Dateien\flyer\img\ornaments\icn_u8.gif --> flyer.fork.de /home/development/flyer/htdocs/img/ornaments icn_u8.gif
2001.07.19 12:37 B C:\Eigene Dateien\flyer\img\ornaments\ringbuch_border.gif --> flyer.fork.de /home/development/flyer/htdocs/img/ornaments ringbuch_border.gif
2001.07.19 12:37 B C:\Eigene Dateien\flyer\img\ornaments\ringbuch_border_bot.gif --> flyer.fork.de /home/development/flyer/htdocs/img/ornaments ringbuch_border_bot.gif
2001.07.19 12:37 B C:\Eigene Dateien\flyer\img\ornaments\thickdots_218px_blue.gif --> flyer.fork.de /home/development/flyer/htdocs/img/ornaments thickdots_218px_blue.gif
2001.07.19 12:37 B C:\Eigene Dateien\flyer\img\ornaments\thickdots_218px_green.gif --> flyer.fork.de /home/development/flyer/htdocs/img/ornaments thickdots_218px_green.gif
2001.07.19 12:37 B C:\Eigene Dateien\flyer\img\ornaments\thickdots_218px_grey.gif --> flyer.fork.de /home/development/flyer/htdocs/img/ornaments thickdots_218px_grey.gif
2001.07.19 12:37 B C:\Eigene Dateien\flyer\img\ornaments\thickdots_218px_magenta.gif --> flyer.fork.de /home/development/flyer/htdocs/img/ornaments thickdots_218px_magenta.gif
2001.07.19 12:37 B C:\Eigene Dateien\flyer\img\ornaments\thickdots_468px_grey.gif --> flyer.fork.de /home/development/flyer/htdocs/img/ornaments thickdots_468px_grey.gif
2001.07.19 12:55 B C:\Eigene Dateien\flyer\img\ornaments\dotted-line_218px_blue.gif --> flyer.fork.de /home/development/flyer/htdocs/img/ornaments dotted-line_218px_blue.gif
2001.07.19 12:55 B C:\Eigene Dateien\flyer\img\ornaments\dotted-line_218px_grey.gif --> flyer.fork.de /home/development/flyer/htdocs/img/ornaments dotted-line_218px_grey.gif
2001.07.19 12:55 B C:\Eigene Dateien\flyer\img\ornaments\dotted-line_218px_magenta.gif --> flyer.fork.de /home/development/flyer/htdocs/img/ornaments dotted-line_218px_magenta.gif
2001.07.19 12:55 B C:\Eigene Dateien\flyer\img\ornaments\dotted-line_455px_blue.gif --> flyer.fork.de /home/development/flyer/htdocs/img/ornaments dotted-line_455px_blue.gif
2001.07.19 12:55 B C:\Eigene Dateien\flyer\img\ornaments\dotted-line_455px_grey.gif --> flyer.fork.de /home/development/flyer/htdocs/img/ornaments dotted-line_455px_grey.gif
2001.07.19 12:55 B C:\Eigene Dateien\flyer\img\ornaments\dotted-line_455px_magenta.gif --> flyer.fork.de /home/development/flyer/htdocs/img/ornaments dotted-line_455px_magenta.gif
2001.07.19 12:55 B C:\Eigene Dateien\flyer\img\ornaments\ringbuch_border_top.gif --> flyer.fork.de /home/development/flyer/htdocs/img/ornaments ringbuch_border_top.gif
2001.07.19 12:55 B C:\Eigene Dateien\flyer\img\ornaments\thickdots_218px_blue.gif --> flyer.fork.de /home/development/flyer/htdocs/img/ornaments thickdots_218px_blue.gif
2001.07.19 12:55 B C:\Eigene Dateien\flyer\img\ornaments\thickdots_218px_green.gif --> flyer.fork.de /home/development/flyer/htdocs/img/ornaments thickdots_218px_green.gif
2001.07.19 12:55 B C:\Eigene Dateien\flyer\img\ornaments\thickdots_218px_grey.gif --> flyer.fork.de /home/development/flyer/htdocs/img/ornaments thickdots_218px_grey.gif
2001.07.19 12:55 B C:\Eigene Dateien\flyer\img\ornaments\thickdots_218px_magenta.gif --> flyer.fork.de /home/development/flyer/htdocs/img/ornaments thickdots_218px_magenta.gif
2001.07.19 12:55 B C:\Eigene Dateien\flyer\img\ornaments\thickdots_468px_grey.gif --> flyer.fork.de /home/development/flyer/htdocs/img/ornaments thickdots_468px_grey.gif
